2026-04-14 16:43:17, MOVE, v:1, k:sandbox@user_001, mode:PICK
2026-04-14 16:43:18, EXEC, v:1, k:sandbox@user_001, mode:LOCK, rate:0, size:5
2026-04-14 16:45:58, EXEC, v:1, k:sandbox@user_001, mode:LOCK, rate:0, size:6
2026-04-14 16:43:16, MOVE, v:1, k:sandbox@user_001, mode:EDIT
2026-04-14 16:45:58, MOVE, v:1, k:sandbox@user_001, mode:EDIT
2026-04-14 16:47:55, MOVE, v:1, k:sandbox@user_001, mode:EDIT
2026-04-14 16:48:32, EXEC, v:1, k:sandbox@user_001, mode:LOCK, rate:0, size:8
2026-04-14 16:50:08, EXEC, v:1, k:sandbox@user_001, mode:LOCK, rate:0, size:9
2026-04-14 16:50:58, EXEC, v:1, k:sandbox@user_001, mode:LOCK, rate:0, size:9
2026-04-14 16:50:57, MOVE, v:1, k:sandbox@user_001, mode:EDIT
2026-04-14 16:50:58, MOVE, v:1, k:sandbox@user_001, mode:EDIT
2026-04-14 16:53:41, EXEC, v:1, k:sandbox@user_001, mode:LOCK, rate:0, size:9
2026-04-14 16:54:10, EXEC, v:1, k:sandbox@user_001, mode:LOCK, rate:0, size:11
2026-04-14 16:54:28, EXEC, v:1, k:sandbox@user_001, mode:LOCK, rate:0, size:12
2026-04-14 16:56:32, EXEC, v:1, k:sandbox@user_001, mode:LOCK, rate:0, size:12
2026-04-14 16:56:51, MOVE, v:1, k:sandbox@user_001, mode:EDIT
2026-04-14 16:56:32, MOVE, v:1, k:sandbox@user_001, mode:EDIT
2026-04-14 16:58:45, EXEC, v:1, k:sandbox@user_001, mode:FULL, size:11, fail:COMP
2026-04-14 16:58:55, EXEC, v:1, k:sandbox@user_001, mode:LOCK, rate:0, size:12
2026-04-14 17:01:21, EXEC, v:1, k:sandbox@user_001, mode:LOCK, rate:0, size:14
2026-04-14 17:01:59, EXEC, v:1, k:sandbox@user_001, mode:FREE
2026-04-14 17:01:16, MOVE, v:1, k:sandbox@user_001, mode:EDIT
2026-04-14 17:02:00, MOVE, v:1, k:sandbox@user_001, mode:EDIT
2026-04-14 17:08:00, MOVE, v:1, k:sandbox@user_001, mode:EDIT
2026-04-14 17:09:49, EXEC, v:1, k:sandbox@user_001, mode:LOCK, rate:0, size:20
2026-04-14 17:09:56, EXEC, v:1, k:sandbox@user_001, mode:LOCK, rate:0, size:20
2026-04-14 17:10:06, EXEC, v:1, k:sandbox@user_001, mode:LOCK, rate:0
2026-04-14 17:13:00, MOVE, v:1, k:sandbox@user_001, mode:EDIT
2026-04-14 17:10:06, MOVE, v:1, k:sandbox@user_001, mode:EDIT
2026-04-14 17:14:09, EXEC, v:1, k:sandbox@user_001, mode:LOCK, rate:0, size:27
2026-04-14 17:14:17, EXEC, v:1, k:sandbox@user_001, mode:LOCK, rate:0, size:27
2026-04-14 17:14:31, EXEC, v:1, k:sandbox@user_001, mode:FULL, size:27, fail:COMP
2026-04-14 17:14:36, EXEC, v:1, k:sandbox@user_001, mode:FULL, fail:COMP
2026-04-14 17:15:04, EXEC, v:1, k:sandbox@user_001, mode:FULL, size:27, fail:COMP
2026-04-14 17:15:12, EXEC, v:1, k:sandbox@user_001, mode:FULL, size:27, fail:COMP
2026-04-14 17:15:33, EXEC, v:1, k:sandbox@user_001, mode:LOCK, rate:0, size:27
2026-04-14 17:15:43, EXEC, v:1, k:sandbox@user_001, mode:LOCK, rate:0, size:27
2026-04-14 17:15:42, MOVE, v:1, k:sandbox@user_001, mode:EDIT
2026-04-14 17:15:43, MOVE, v:1, k:sandbox@user_001, mode:EDIT
2026-04-14 17:20:34, EXEC, v:1, k:sandbox@user_001, mode:LOCK, rate:0, size:34
2026-04-14 17:21:38, EXEC, v:1, k:sandbox@user_001, mode:LOCK, rate:0, size:37
2026-04-14 17:21:51, EXEC, v:1, k:sandbox@user_001, mode:LOCK, rate:0
2026-04-14 17:22:00, EXEC, v:1, k:sandbox@user_001, mode:LOCK, rate:0, size:37
2026-04-14 17:21:57, MOVE, v:1, k:sandbox@user_001, mode:EDIT
2026-04-14 17:22:00, MOVE, v:1, k:sandbox@user_001, mode:EDIT
2026-04-14 17:25:49, MOVE, v:1, k:sandbox@user_001, mode:EDIT
2026-04-14 17:33:00, MOVE, v:1, k:sandbox@user_001, mode:EDIT
2026-04-14 17:33:56, EXEC, v:1, k:sandbox@user_001, mode:FULL, size:50, fail:COMP
2026-04-14 17:34:15, EXEC, v:1, k:sandbox@user_001, mode:FULL, size:50, fail:COMP
2026-04-14 17:34:58, EXEC, v:1, k:sandbox@user_001, mode:FULL, fail:COMP
2026-04-14 17:35:44, EXEC, v:1, k:sandbox@user_001, mode:FULL, size:50, fail:COMP
2026-04-14 17:35:56, MOVE, v:1, k:sandbox@user_001, mode:BACK
2026-04-14 17:37:10, MOVE, v:1, k:fup@vet_i, mode:DOWN
2026-04-14 17:37:11, MOVE, v:1, k:fup@vet_i, mode:PICK
2026-04-14 17:37:12, EXEC, v:1, k:fup@vet_i, mode:FULL, rate:0, size:5
2026-04-14 17:35:44, MOVE, v:1, k:sandbox@user_001, mode:EDIT
2026-04-14 17:37:10, MOVE, v:1, k:fup@vet_i, mode:EDIT
2026-04-14 17:37:10, MOVE, v:1, k:fup@vet_i, mode:EDIT
2026-04-14 17:37:12, MOVE, v:1, k:fup@vet_i, mode:EDIT
2026-04-14 17:40:39, EXEC, v:1, k:fup@vet_i, mode:FREE, size:9
2026-04-14 17:41:10, EXEC, v:1, k:fup@vet_i, mode:FULL, rate:0, size:9
2026-04-14 17:42:43, EXEC, v:1, k:fup@vet_i, mode:FULL, rate:0, size:12
2026-04-14 17:43:01, MOVE, v:1, k:fup@vet_i, mode:EDIT
2026-04-14 17:42:43, MOVE, v:1, k:fup@vet_i, mode:EDIT
2026-04-14 17:43:52, EXEC, v:1, k:fup@vet_i, mode:FULL, size:10, fail:COMP
2026-04-14 17:44:10, EXEC, v:1, k:fup@vet_i, mode:FULL, rate:0, size:9
2026-04-14 17:45:23, MOVE, v:1, k:fup@vet_i, mode:BACK
2026-04-14 17:45:28, MOVE, v:1, k:fup@vet_iii, mode:DOWN
2026-04-14 17:45:29, MOVE, v:1, k:fup@vet_iii, mode:PICK
2026-04-14 17:45:30, EXEC, v:1, k:fup@vet_iii, mode:FULL, rate:0, size:5
2026-04-14 17:44:19, MOVE, v:1, k:fup@vet_i, mode:EDIT
2026-04-14 17:44:10, MOVE, v:1, k:fup@vet_i, mode:EDIT
2026-04-14 17:45:28, MOVE, v:1, k:fup@vet_iii, mode:EDIT
2026-04-14 17:45:28, MOVE, v:1, k:fup@vet_iii, mode:EDIT
2026-04-14 17:45:28, MOVE, v:1, k:fup@vet_iii, mode:EDIT
2026-04-14 17:45:30, MOVE, v:1, k:fup@vet_iii, mode:EDIT
2026-04-14 17:53:16, MOVE, v:1, k:fup@vet_iii, mode:BACK
2026-04-14 17:53:18, MOVE, v:1, k:fup@vet_i, mode:PICK
2026-04-14 17:53:19, EXEC, v:1, k:fup@vet_i, mode:FULL, rate:0, size:8
2026-04-14 17:53:20, EXEC, v:1, k:fup@vet_i, mode:FULL, rate:0
2026-04-14 17:55:19, EXEC, v:1, k:fup@vet_i, mode:FULL, size:11, fail:COMP
2026-04-14 17:55:25, EXEC, v:1, k:fup@vet_i, mode:FULL, rate:0, size:11
2026-04-14 17:55:51, EXEC, v:1, k:fup@vet_i, mode:FULL, size:12, fail:COMP
2026-04-14 17:56:23, EXEC, v:1, k:fup@vet_i, mode:FULL, rate:75, size:14
2026-04-14 17:57:07, EXEC, v:1, k:fup@vet_i, mode:FULL, rate:75, size:15
2026-04-14 17:57:11, EXEC, v:1, k:fup@vet_i, mode:FULL, rate:75
2026-04-14 17:53:15, MOVE, v:1, k:fup@vet_iii, mode:EDIT
2026-04-14 17:57:11, MOVE, v:1, k:fup@vet_i, mode:EDIT
2026-04-14 17:58:01, MOVE, v:1, k:fup@vet_i, mode:EDIT
2026-04-14 17:58:10, EXEC, v:1, k:fup@vet_i, mode:FULL, rate:75, size:14
2026-04-14 17:58:23, EXEC, v:1, k:fup@vet_i, mode:FULL, rate:0, size:11
2026-04-14 17:58:39, EXEC, v:1, k:fup@vet_i, mode:FULL, size:12, fail:COMP
2026-04-14 17:58:50, EXEC, v:1, k:fup@vet_i, mode:FULL, rate:0, size:13
2026-04-14 18:02:45, EXEC, v:1, k:fup@vet_i, mode:FULL, rate:75, size:14
2026-04-14 18:02:59, MOVE, v:1, k:fup@vet_i, mode:EDIT
2026-04-14 18:02:45, MOVE, v:1, k:fup@vet_i, mode:EDIT
2026-04-14 18:04:06, EXEC, v:1, k:fup@vet_i, mode:FULL, rate:0, size:12
2026-04-14 18:04:06, MOVE, v:1, k:fup@vet_i, mode:EDIT
2026-04-14 18:05:11, MOVE, v:1, k:fup@vet_i, mode:EDIT
2026-04-14 18:08:50, EXEC, v:1, k:fup@vet_i, mode:FULL, rate:0, size:12
2026-04-14 18:09:06, EXEC, v:1, k:fup@vet_i, mode:FULL, rate:0, size:11
2026-04-14 18:09:19, EXEC, v:1, k:fup@vet_i, mode:FULL, rate:0, size:11
2026-04-14 18:09:21, EXEC, v:1, k:fup@vet_i, mode:FULL, rate:0
2026-04-14 18:09:22, EXEC, v:1, k:fup@vet_i, mode:FULL, rate:0, size:11
2026-04-14 18:09:22, EXEC, v:1, k:fup@vet_i, mode:FULL, rate:75, size:11
2026-04-14 18:09:28, EXEC, v:1, k:fup@vet_i, mode:FULL, rate:75, size:11
2026-04-14 18:09:35, EXEC, v:1, k:fup@vet_i, mode:FULL, rate:75
2026-04-14 18:09:39, EXEC, v:1, k:fup@vet_i, mode:FULL, rate:0, size:11
2026-04-14 18:09:38, MOVE, v:1, k:fup@vet_i, mode:EDIT
2026-04-14 18:09:36, MOVE, v:1, k:fup@vet_i, mode:EDIT
2026-04-14 18:14:17, EXEC, v:1, k:fup@vet_i, mode:FULL, size:11, fail:COMP
2026-04-14 18:14:32, EXEC, v:1, k:fup@vet_i, mode:FULL, fail:COMP
2026-04-14 18:15:24, MOVE, v:1, k:fup@vet_i, mode:EDIT
