2026-06-09 17:02:03, MOVE, v:1, k:fup@loop_v, mode:PICK
2026-06-09 17:02:05, EXEC, v:1, k:fup@loop_v, mode:FULL, rate:100
2026-06-09 17:02:09, MOVE, v:1, k:fup@loop_v, mode:BACK
2026-06-09 17:02:44, MOVE, v:1, k:fup@troco, mode:PICK
2026-06-09 17:02:45, EXEC, v:1, k:fup@troco, mode:FULL, rate:0
2026-06-09 17:03:04, MOVE, v:1, k:fup@troco, mode:BACK
2026-06-09 17:03:32, MOVE, v:1, k:fup@troco, mode:PICK
2026-06-09 17:03:33, EXEC, v:1, k:fup@troco, mode:FULL, rate:0
2026-06-09 17:02:05, MOVE, v:1, k:fup@loop_v, mode:EDIT
2026-06-09 17:03:33, MOVE, v:1, k:fup@troco, mode:EDIT
2026-06-09 17:05:30, MOVE, v:1, k:fup@troco, mode:EDIT
2026-06-09 17:20:29, MOVE, v:1, k:fup@troco, mode:EDIT
2026-06-09 17:23:18, MOVE, v:1, k:fup@troco, mode:EDIT
2026-06-09 17:30:31, MOVE, v:1, k:fup@troco, mode:PICK
2026-06-09 17:30:32, EXEC, v:1, k:fup@troco, mode:FULL, size:11, fail:COMP
2026-06-09 17:30:33, EXEC, v:1, k:fup@troco, mode:FULL, fail:COMP
2026-06-09 17:44:59, MOVE, v:1, k:fup@troco, mode:BACK
2026-06-09 17:45:27, MOVE, v:1, k:fup@piao, mode:PICK
2026-06-09 17:45:28, EXEC, v:1, k:fup@piao, mode:FULL, rate:0
2026-06-09 17:45:29, EXEC, v:1, k:fup@piao, mode:FULL, rate:0
2026-06-09 17:45:29, MOVE, v:1, k:fup@piao, mode:EDIT
2026-06-09 17:45:46, MOVE, v:1, k:fup@piao, mode:BACK
2026-06-09 17:45:29, MOVE, v:1, k:fup@piao, mode:EDIT
2026-06-09 17:53:11, MOVE, v:1, k:fup@linha, mode:PICK
2026-06-09 17:53:12, EXEC, v:1, k:fup@linha, mode:FULL, rate:0, size:10
2026-06-09 17:53:12, MOVE, v:1, k:fup@linha, mode:EDIT
2026-06-09 17:53:12, MOVE, v:1, k:fup@linha, mode:EDIT
2026-06-09 17:56:51, MOVE, v:1, k:fup@linha, mode:BACK
2026-06-09 18:00:55, MOVE, v:1, k:fup@linha, mode:PICK
2026-06-09 18:00:56, EXEC, v:1, k:fup@linha, mode:FULL, rate:0
2026-06-09 18:00:56, MOVE, v:1, k:fup@linha, mode:EDIT
2026-06-09 18:00:56, MOVE, v:1, k:fup@linha, mode:EDIT
2026-06-09 18:06:54, EXEC, v:1, k:fup@linha, mode:FULL, size:10, fail:COMP
2026-06-09 18:07:08, EXEC, v:1, k:fup@linha, mode:FULL, rate:0, size:10
2026-06-09 18:07:05, MOVE, v:1, k:fup@linha, mode:EDIT
2026-06-09 18:07:08, MOVE, v:1, k:fup@linha, mode:EDIT
2026-06-09 18:11:07, EXEC, v:1, k:fup@linha, mode:FULL, rate:0, size:10
2026-06-09 18:11:06, MOVE, v:1, k:fup@linha, mode:EDIT
2026-06-09 18:11:07, MOVE, v:1, k:fup@linha, mode:EDIT
2026-06-09 18:11:50, EXEC, v:1, k:fup@linha, mode:FREE
2026-06-09 18:11:06, MOVE, v:1, k:fup@linha, mode:EDIT
2026-06-09 18:11:51, MOVE, v:1, k:fup@linha, mode:EDIT
2026-06-09 18:11:51, MOVE, v:1, k:fup@linha, mode:EDIT
