2026-03-23 16:32:54, MOVE, v:1, k:fup@round, mode:DOWN
2026-03-23 16:32:59, MOVE, v:1, k:fup@mumia, mode:DOWN
2026-03-23 16:32:59, MOVE, v:1, k:fup@mumia, mode:PICK
2026-03-23 16:33:01, EXEC, v:1, k:fup@mumia, mode:FULL, rate:0, size:5
2026-03-23 16:37:25, EXEC, v:1, k:fup@mumia, mode:FULL, rate:0, size:18
2026-03-23 16:37:42, EXEC, v:1, k:fup@mumia, mode:FULL, rate:0, size:18
2026-03-23 16:37:47, EXEC, v:1, k:fup@mumia, mode:FULL, rate:22, size:18
2026-03-23 16:38:03, EXEC, v:1, k:fup@mumia, mode:FULL, rate:0, size:18
2026-03-23 16:38:32, EXEC, v:1, k:fup@mumia, mode:FULL, rate:22, size:18
2026-03-23 16:38:48, EXEC, v:1, k:fup@mumia, mode:FULL, rate:22, size:18
2026-03-23 16:39:30, EXEC, v:1, k:fup@mumia, mode:FULL, rate:22, size:18
2026-03-23 16:39:50, EXEC, v:1, k:fup@mumia, mode:FULL, rate:33, size:18
2026-03-23 16:39:59, EXEC, v:1, k:fup@mumia, mode:FULL, rate:44, size:18
2026-03-23 16:40:06, EXEC, v:1, k:fup@mumia, mode:FULL, rate:44, size:18
2026-03-23 16:40:19, EXEC, v:1, k:fup@mumia, mode:FULL, rate:0, size:18
2026-03-23 16:41:12, EXEC, v:1, k:fup@mumia, mode:FULL, size:18, fail:COMP
2026-03-23 16:41:28, EXEC, v:1, k:fup@mumia, mode:FULL, rate:44, size:18
2026-03-23 16:41:35, EXEC, v:1, k:fup@mumia, mode:FULL, rate:66, size:18
2026-03-23 16:41:40, EXEC, v:1, k:fup@mumia, mode:FULL, rate:88, size:18
2026-03-23 16:41:52, EXEC, v:1, k:fup@mumia, mode:FULL, rate:88, size:18
2026-03-23 16:42:20, EXEC, v:1, k:fup@mumia, mode:FULL, rate:100, size:18
2026-03-23 16:42:24, MOVE, v:1, k:fup@mumia, mode:BACK
2026-03-23 16:42:32, SELF, v:1, k:fup@mumia, self:1, rate:100, friend:Nao
2026-03-23 16:43:27, MOVE, v:1, k:fup@meio, mode:DOWN
2026-03-23 16:43:28, MOVE, v:1, k:fup@meio, mode:PICK
2026-03-23 16:43:29, EXEC, v:1, k:fup@meio, mode:FULL, rate:0, size:5
2026-03-23 16:50:02, EXEC, v:1, k:fup@meio, mode:FULL, rate:100, size:13
2026-03-23 16:50:04, MOVE, v:1, k:fup@meio, mode:BACK
2026-03-23 16:50:12, SELF, v:1, k:fup@meio, self:1, rate:100, friend:Nao
2026-03-23 16:50:41, SELF, v:1, k:fup@impar, self:1, rate:100, friend:Nao, problem:1
2026-03-23 16:50:45, MOVE, v:1, k:fup@jokenpo, mode:DOWN
2026-03-23 16:50:46, MOVE, v:1, k:fup@jokenpo, mode:PICK
2026-03-23 16:50:48, EXEC, v:1, k:fup@jokenpo, mode:FULL, rate:0, size:5
2026-03-23 16:57:10, EXEC, v:1, k:fup@jokenpo, mode:FULL, size:15, fail:COMP
2026-03-23 16:59:08, EXEC, v:1, k:fup@jokenpo, mode:FULL, size:15, fail:COMP
2026-03-23 17:02:03, EXEC, v:1, k:fup@jokenpo, mode:FULL, size:15, fail:COMP
2026-03-23 17:04:37, EXEC, v:1, k:fup@jokenpo, mode:FULL, rate:100, size:18
2026-03-23 17:04:58, EXEC, v:1, k:fup@jokenpo, mode:FULL, rate:100, size:14
2026-03-23 17:05:00, MOVE, v:1, k:fup@jokenpo, mode:BACK
2026-03-23 17:05:09, SELF, v:1, k:fup@jokenpo, self:1, rate:100, friend:nao
2026-03-23 17:05:13, MOVE, v:1, k:fup@round, mode:PICK
2026-03-23 17:05:14, EXEC, v:1, k:fup@round, mode:FULL, rate:0, size:5
2026-03-23 17:33:42, EXEC, v:1, k:fup@round, mode:FULL, size:26, fail:COMP
2026-03-23 17:33:58, EXEC, v:1, k:fup@round, mode:FULL, rate:0, size:26
2026-03-23 17:34:06, EXEC, v:1, k:fup@round, mode:FULL, rate:0
2026-03-23 17:34:20, EXEC, v:1, k:fup@round, mode:FULL, rate:0, size:26
2026-03-23 17:35:23, EXEC, v:1, k:fup@round, mode:FULL, rate:100, size:27
2026-03-23 17:35:28, MOVE, v:1, k:fup@round, mode:BACK
2026-03-23 17:35:43, SELF, v:1, k:fup@round, self:1, rate:100, friend:nao, guided:1, concept:1
2026-03-23 17:36:17, MOVE, v:1, k:fup@final, mode:DOWN
2026-03-23 17:36:18, MOVE, v:1, k:fup@final, mode:PICK
2026-03-23 17:36:20, EXEC, v:1, k:fup@final, mode:FULL, rate:0, size:5
2026-03-23 17:58:56, EXEC, v:1, k:fup@final, mode:FULL, rate:80, size:22
2026-03-23 17:59:36, EXEC, v:1, k:fup@final, mode:FULL, rate:80, size:22
2026-03-23 18:00:44, EXEC, v:1, k:fup@final, mode:FULL, rate:100, size:22
2026-03-23 18:00:48, MOVE, v:1, k:fup@final, mode:BACK
2026-03-23 18:00:58, SELF, v:1, k:fup@final, self:1, rate:100, friend:nao
2026-03-23 18:01:11, MOVE, v:1, k:fup@semana, mode:DOWN
2026-03-23 18:01:11, MOVE, v:1, k:fup@semana, mode:PICK
2026-03-23 18:01:13, EXEC, v:1, k:fup@semana, mode:FULL, rate:0, size:5
