2026-06-15 11:04:49, MOVE, v:1, k:fup@xuxa, mode:PICK
2026-06-15 11:04:49, EXEC, v:1, k:fup@xuxa, mode:FULL, size:14, fail:COMP
2026-06-15 11:08:12, EXEC, v:1, k:fup@xuxa, mode:FULL, rate:100, size:25
2026-06-15 11:08:11, MOVE, v:1, k:fup@xuxa, mode:EDIT
2026-06-15 11:08:12, MOVE, v:1, k:fup@xuxa, mode:EDIT
2026-06-15 11:14:14, MOVE, v:1, k:fup@xuxa, mode:BACK
2026-06-15 11:14:22, SELF, v:1, k:fup@xuxa, self:1, rate:100
2026-06-15 11:14:28, MOVE, v:1, k:fup@inverte, mode:DOWN
2026-06-15 11:14:28, MOVE, v:1, k:fup@inverte, mode:PICK
2026-06-15 11:14:29, EXEC, v:1, k:fup@inverte, mode:FULL, rate:0, size:5
2026-06-15 11:15:16, MOVE, v:1, k:fup@inverte, mode:BACK
2026-06-15 11:15:22, MOVE, v:1, k:fup@gritando, mode:DOWN
2026-06-15 11:15:22, MOVE, v:1, k:fup@gritando, mode:PICK
2026-06-15 11:15:23, EXEC, v:1, k:fup@gritando, mode:FULL, rate:0, size:5
2026-06-15 11:15:29, MOVE, v:1, k:fup@gritando, mode:BACK
2026-06-15 11:15:32, MOVE, v:1, k:fup@inverte, mode:PICK
2026-06-15 11:15:32, EXEC, v:1, k:fup@inverte, mode:FULL, rate:0
2026-06-15 11:18:01, MOVE, v:1, k:fup@inverte, mode:BACK
2026-06-15 11:14:28, MOVE, v:1, k:fup@inverte, mode:EDIT
2026-06-15 11:14:28, MOVE, v:1, k:fup@inverte, mode:EDIT
2026-06-15 11:14:28, MOVE, v:1, k:fup@inverte, mode:EDIT
2026-06-15 11:15:32, MOVE, v:1, k:fup@inverte, mode:EDIT
2026-06-15 11:15:22, MOVE, v:1, k:fup@gritando, mode:EDIT
2026-06-15 11:15:22, MOVE, v:1, k:fup@gritando, mode:EDIT
2026-06-15 11:15:22, MOVE, v:1, k:fup@gritando, mode:EDIT
2026-06-15 11:15:22, MOVE, v:1, k:fup@gritando, mode:EDIT
2026-06-15 11:15:23, MOVE, v:1, k:fup@gritando, mode:EDIT
2026-06-15 16:17:36, MOVE, v:1, k:fup@vcvcvc, mode:PICK
2026-06-15 16:17:38, EXEC, v:1, k:fup@vcvcvc, mode:FULL, rate:100, size:33
2026-06-15 16:17:38, MOVE, v:1, k:fup@vcvcvc, mode:EDIT
2026-06-15 16:41:50, MOVE, v:1, k:fup@vcvcvc, mode:BACK
