2026-03-31 15:15:19, MOVE, v:1, k:fup@teleferico, mode:DOWN
2026-03-31 15:15:20, MOVE, v:1, k:fup@teleferico, mode:PICK
2026-03-31 15:15:22, EXEC, v:1, k:fup@teleferico, mode:FULL, rate:0, size:5
2026-03-31 15:20:39, EXEC, v:1, k:fup@teleferico, mode:FULL, size:13, fail:COMP
2026-03-31 15:20:57, EXEC, v:1, k:fup@teleferico, mode:FULL, size:13, fail:COMP
2026-03-31 15:21:34, EXEC, v:1, k:fup@teleferico, mode:FULL, size:13, fail:COMP
2026-03-31 15:21:44, EXEC, v:1, k:fup@teleferico, mode:FULL, size:13, fail:COMP
2026-03-31 15:21:57, EXEC, v:1, k:fup@teleferico, mode:FULL, size:13, fail:COMP
2026-03-31 15:22:19, EXEC, v:1, k:fup@teleferico, mode:FULL, size:13, fail:COMP
2026-03-31 15:22:55, EXEC, v:1, k:fup@teleferico, mode:FULL, rate:62, size:13
2026-03-31 15:23:56, EXEC, v:1, k:fup@teleferico, mode:FULL, rate:100, size:16
2026-03-31 15:24:01, MOVE, v:1, k:fup@teleferico, mode:BACK
2026-03-31 15:24:08, SELF, v:1, k:fup@teleferico, self:1, rate:100
2026-03-31 15:24:56, MOVE, v:1, k:fup@tv, mode:PICK
2026-03-31 15:24:56, EXEC, v:1, k:fup@tv, mode:FULL, size:8, fail:COMP
2026-03-31 15:25:50, EXEC, v:1, k:fup@tv, mode:FULL, rate:0, size:9
2026-03-31 15:29:03, EXEC, v:1, k:fup@tv, mode:FULL, rate:100, size:22
2026-03-31 15:29:14, MOVE, v:1, k:fup@tv, mode:BACK
2026-03-31 15:29:19, SELF, v:1, k:fup@tv, self:1, rate:100
2026-03-31 15:30:23, SELF, v:1, k:fup@round, self:1, rate:100, friend:nao, concept:1
2026-03-31 15:30:23, MOVE, v:1, k:fup@round, mode:PICK
2026-03-31 15:30:25, EXEC, v:1, k:fup@round, mode:FULL, rate:100
2026-03-31 15:30:27, MOVE, v:1, k:fup@round, mode:BACK
2026-03-31 15:30:49, SELF, v:1, k:fup@impar, self:1, rate:100, friend:Nao
2026-03-31 15:30:56, SELF, v:1, k:fup@quantos, self:1, rate:100, friend:Nao
2026-03-31 15:31:03, SELF, v:1, k:fup@guarda, self:1, rate:100, friend:Nao, concept:1
2026-03-31 15:43:11, MOVE, v:1, k:fup@varetas, mode:DOWN
2026-03-31 15:43:11, MOVE, v:1, k:fup@varetas, mode:PICK
2026-03-31 15:43:14, MOVE, v:1, k:fup@varetas, mode:BACK
2026-03-31 15:43:16, MOVE, v:1, k:fup@varetas, mode:PICK
2026-03-31 15:43:18, EXEC, v:1, k:fup@varetas, mode:FULL, rate:0, size:5
2026-03-31 15:48:01, EXEC, v:1, k:fup@varetas, mode:FULL, size:11, fail:COMP
2026-03-31 15:48:21, EXEC, v:1, k:fup@varetas, mode:FULL, rate:49, size:12
2026-03-31 15:50:22, EXEC, v:1, k:fup@varetas, mode:FULL, rate:75, size:12
2026-03-31 15:50:40, EXEC, v:1, k:fup@varetas, mode:FULL, rate:96, size:12
2026-03-31 15:51:09, EXEC, v:1, k:fup@varetas, mode:FULL, rate:100, size:12
2026-03-31 15:51:12, MOVE, v:1, k:fup@varetas, mode:BACK
2026-03-31 15:51:25, SELF, v:1, k:fup@varetas, self:1, rate:100
2026-03-31 15:52:27, MOVE, v:1, k:fup@drone, mode:PICK
2026-03-31 15:52:28, EXEC, v:1, k:fup@drone, mode:FULL, rate:0, size:8
2026-03-31 15:56:24, EXEC, v:1, k:fup@drone, mode:FULL, rate:57, size:15
2026-03-31 15:59:21, EXEC, v:1, k:fup@drone, mode:FULL, rate:85, size:17
2026-03-31 16:08:22, EXEC, v:1, k:fup@drone, mode:FULL, rate:100, size:12
2026-03-31 16:08:24, MOVE, v:1, k:fup@drone, mode:BACK
2026-03-31 16:08:29, SELF, v:1, k:fup@drone, self:1, rate:100
2026-03-31 16:08:45, MOVE, v:1, k:fup@cobra, mode:DOWN
2026-03-31 16:08:46, MOVE, v:1, k:fup@cobra, mode:PICK
2026-03-31 16:08:48, EXEC, v:1, k:fup@cobra, mode:FULL, rate:0, size:5
2026-03-31 16:22:36, EXEC, v:1, k:fup@cobra, mode:FULL, size:36, fail:COMP
2026-03-31 16:23:40, EXEC, v:1, k:fup@cobra, mode:FULL, rate:100, size:19
2026-03-31 16:23:42, MOVE, v:1, k:fup@cobra, mode:BACK
2026-03-31 16:23:48, SELF, v:1, k:fup@cobra, self:1, rate:100
2026-03-31 16:24:28, MOVE, v:1, k:fup@cortada, mode:PICK
2026-03-31 16:24:29, EXEC, v:1, k:fup@cortada, mode:FULL, rate:0
2026-03-31 16:27:15, EXEC, v:1, k:fup@cortada, mode:FULL, size:16, fail:COMP
2026-03-31 16:27:27, EXEC, v:1, k:fup@cortada, mode:FULL, rate:100, size:16
2026-03-31 16:27:29, MOVE, v:1, k:fup@cortada, mode:BACK
2026-03-31 16:27:34, SELF, v:1, k:fup@cortada, self:1, rate:100
2026-03-31 16:28:26, MOVE, v:1, k:fup@loop_i, mode:DOWN
2026-03-31 16:28:28, MOVE, v:1, k:fup@loop_i, mode:PICK
2026-03-31 16:28:29, EXEC, v:1, k:fup@loop_i, mode:FULL, rate:0, size:5
2026-03-31 16:33:05, EXEC, v:1, k:fup@loop_i, mode:FULL, size:10, fail:COMP
2026-03-31 16:33:20, EXEC, v:1, k:fup@loop_i, mode:FULL, size:10, fail:COMP
2026-03-31 16:33:28, EXEC, v:1, k:fup@loop_i, mode:FULL, size:10, fail:COMP
2026-03-31 16:34:28, EXEC, v:1, k:fup@loop_i, mode:FULL, rate:33, size:10
2026-03-31 16:34:56, EXEC, v:1, k:fup@loop_i, mode:FULL, size:10, fail:COMP
2026-03-31 16:35:04, EXEC, v:1, k:fup@loop_i, mode:FULL, rate:33, size:10
2026-03-31 16:37:17, EXEC, v:1, k:fup@loop_i, mode:FULL, rate:100, size:10
2026-03-31 16:37:21, MOVE, v:1, k:fup@loop_i, mode:BACK
2026-03-31 16:37:25, SELF, v:1, k:fup@loop_i, self:1, rate:100
2026-03-31 16:39:23, MOVE, v:1, k:sandbox@user_004, mode:PICK
2026-03-31 16:39:24, EXEC, v:1, k:sandbox@user_004, mode:FULL, fail:COMP
2026-03-31 16:39:26, MOVE, v:1, k:sandbox@user_004, mode:BACK
2026-03-31 16:43:21, MOVE, v:1, k:fup@loop_ii, mode:DOWN
2026-03-31 16:43:23, MOVE, v:1, k:fup@loop_ii, mode:PICK
2026-03-31 16:43:24, EXEC, v:1, k:fup@loop_ii, mode:FULL, rate:0, size:5
2026-03-31 16:45:58, EXEC, v:1, k:fup@loop_ii, mode:FULL, rate:0, size:10
2026-03-31 16:46:05, EXEC, v:1, k:fup@loop_ii, mode:FULL, size:10, fail:COMP
2026-03-31 16:46:39, EXEC, v:1, k:fup@loop_ii, mode:FULL, rate:0, size:10
2026-03-31 16:49:34, EXEC, v:1, k:fup@loop_ii, mode:FULL, rate:0, size:15
2026-03-31 16:49:43, EXEC, v:1, k:fup@loop_ii, mode:FULL, rate:0, size:15
2026-03-31 16:50:45, EXEC, v:1, k:fup@loop_ii, mode:FULL, rate:0, size:15
2026-03-31 16:50:53, EXEC, v:1, k:fup@loop_ii, mode:FULL, rate:0, size:15
2026-03-31 16:51:03, EXEC, v:1, k:fup@loop_ii, mode:FULL, rate:100, size:15
2026-03-31 16:51:39, MOVE, v:1, k:fup@loop_ii, mode:BACK
2026-03-31 16:51:44, SELF, v:1, k:fup@loop_ii, self:1, rate:100
2026-03-31 16:52:45, MOVE, v:1, k:fup@loop_iii, mode:DOWN
2026-03-31 16:52:46, MOVE, v:1, k:fup@loop_iii, mode:PICK
2026-03-31 16:52:47, EXEC, v:1, k:fup@loop_iii, mode:FULL, rate:0, size:5
2026-03-31 16:56:29, EXEC, v:1, k:fup@loop_iii, mode:FULL, rate:0, size:15
2026-03-31 16:56:41, EXEC, v:1, k:fup@loop_iii, mode:FULL, rate:0, size:15
2026-03-31 16:57:25, EXEC, v:1, k:fup@loop_iii, mode:FULL, rate:33, size:15
2026-03-31 17:00:23, EXEC, v:1, k:fup@loop_iii, mode:FULL, rate:33, size:15
2026-03-31 17:00:29, EXEC, v:1, k:fup@loop_iii, mode:FULL, rate:33, size:15
2026-03-31 17:00:38, EXEC, v:1, k:fup@loop_iii, mode:FULL, rate:100, size:15
2026-03-31 17:00:41, MOVE, v:1, k:fup@loop_iii, mode:BACK
2026-03-31 17:00:46, SELF, v:1, k:fup@loop_iii, self:1, rate:100
