2026-03-22 21:05:07, MOVE, v:1, k:fup@abs, mode:DOWN
2026-03-22 21:05:07, MOVE, v:1, k:fup@abs, mode:PICK
2026-03-22 21:05:08, EXEC, v:1, k:fup@abs, mode:FULL, rate:0, size:5
2026-03-22 21:05:09, EXEC, v:1, k:fup@abs, mode:FULL, rate:0
2026-03-22 21:07:35, EXEC, v:1, k:fup@abs, mode:FULL, size:7, fail:COMP
2026-03-22 21:08:14, EXEC, v:1, k:fup@abs, mode:FULL, rate:0, size:8
2026-03-22 21:10:51, EXEC, v:1, k:fup@abs, mode:FULL, size:13, fail:COMP
2026-03-22 21:11:11, EXEC, v:1, k:fup@abs, mode:FULL, size:13, fail:COMP
2026-03-22 21:11:13, EXEC, v:1, k:fup@abs, mode:FULL, fail:COMP
2026-03-22 21:11:29, EXEC, v:1, k:fup@abs, mode:FULL, rate:0, size:13
2026-03-22 21:11:56, EXEC, v:1, k:fup@abs, mode:FULL, rate:100, size:13
2026-03-22 21:12:46, EXEC, v:1, k:fup@abs, mode:FULL, rate:100
2026-03-22 21:12:47, EXEC, v:1, k:fup@abs, mode:FULL, rate:100
2026-03-22 21:12:48, EXEC, v:1, k:fup@abs, mode:FULL, rate:100
2026-03-22 21:12:54, MOVE, v:1, k:fup@abs, mode:BACK
2026-03-22 21:13:19, SELF, v:1, k:fup@abs, self:1, rate:100, friend:Nao
2026-03-22 21:13:25, MOVE, v:1, k:fup@max, mode:DOWN
2026-03-22 21:13:28, MOVE, v:1, k:fup@max, mode:PICK
2026-03-22 21:13:30, EXEC, v:1, k:fup@max, mode:FULL, rate:0, size:5
2026-03-22 21:14:45, EXEC, v:1, k:fup@max, mode:FULL, size:7, fail:COMP
2026-03-22 21:15:18, SELF, v:1, k:fup@max, self:1
2026-03-22 21:15:22, MOVE, v:1, k:fup@max, mode:BACK
2026-03-22 21:15:28, MOVE, v:1, k:fup@max, mode:PICK
2026-03-22 21:15:29, EXEC, v:1, k:fup@max, mode:FULL, fail:COMP
2026-03-22 21:16:32, EXEC, v:1, k:fup@max, mode:FULL, rate:25, size:10
2026-03-22 21:16:52, EXEC, v:1, k:fup@max, mode:FULL, rate:25
2026-03-22 21:18:05, EXEC, v:1, k:fup@max, mode:FULL, rate:25
2026-03-22 21:18:12, EXEC, v:1, k:fup@max, mode:FULL, rate:25, size:10
2026-03-22 21:18:17, EXEC, v:1, k:fup@max, mode:FULL, rate:25, size:10
2026-03-22 21:19:34, EXEC, v:1, k:fup@max, mode:FULL, rate:100, size:11
2026-03-22 21:19:47, EXEC, v:1, k:fup@max, mode:FULL, rate:100
2026-03-22 21:19:54, SELF, v:1, k:fup@max, self:1, rate:100
2026-03-22 21:19:54, EXEC, v:1, k:fup@max, mode:FULL, rate:100
2026-03-22 21:20:01, MOVE, v:1, k:fup@max, mode:BACK
2026-03-22 21:20:14, MOVE, v:1, k:fup@ou, mode:DOWN
2026-03-22 21:20:15, MOVE, v:1, k:fup@ou, mode:PICK
2026-03-22 21:20:17, EXEC, v:1, k:fup@ou, mode:FULL, rate:0, size:5
2026-03-22 21:22:45, EXEC, v:1, k:fup@ou, mode:FULL, size:11, fail:COMP
2026-03-22 21:23:05, EXEC, v:1, k:fup@ou, mode:FULL, rate:100, size:11
2026-03-22 21:23:11, MOVE, v:1, k:fup@ou, mode:BACK
2026-03-22 21:23:23, SELF, v:1, k:fup@ou, self:1, rate:100, friend:Nao
2026-03-22 21:23:31, MOVE, v:1, k:fup@positivo, mode:DOWN
2026-03-22 21:23:32, MOVE, v:1, k:fup@positivo, mode:PICK
2026-03-22 21:23:34, EXEC, v:1, k:fup@positivo, mode:FULL, rate:0, size:5
2026-03-22 21:23:40, MOVE, v:1, k:fup@positivo, mode:BACK
2026-03-22 21:23:49, MOVE, v:1, k:fup@positivo, mode:PICK
2026-03-22 21:23:50, EXEC, v:1, k:fup@positivo, mode:FULL, rate:0
2026-03-22 21:23:53, MOVE, v:1, k:fup@positivo, mode:BACK
2026-03-22 21:23:54, MOVE, v:1, k:fup@positivo, mode:PICK
2026-03-22 21:23:55, EXEC, v:1, k:fup@positivo, mode:FULL, rate:0
2026-03-22 21:25:49, EXEC, v:1, k:fup@positivo, mode:FULL, rate:60, size:12
2026-03-22 21:26:18, EXEC, v:1, k:fup@positivo, mode:FULL, rate:100, size:12
2026-03-22 21:26:22, MOVE, v:1, k:fup@positivo, mode:BACK
2026-03-22 21:26:29, SELF, v:1, k:fup@positivo, self:1, rate:100, friend:Nao
2026-03-22 21:27:53, MOVE, v:1, k:fup@multiplo, mode:DOWN
2026-03-22 21:27:54, MOVE, v:1, k:fup@multiplo, mode:PICK
2026-03-22 21:27:56, EXEC, v:1, k:fup@multiplo, mode:FULL, rate:0, size:5
2026-03-22 21:30:57, EXEC, v:1, k:fup@multiplo, mode:FULL, rate:42, size:12
2026-03-22 21:31:02, EXEC, v:1, k:fup@multiplo, mode:FULL, rate:42
2026-03-22 21:31:13, EXEC, v:1, k:fup@multiplo, mode:FULL, rate:100, size:12
2026-03-22 21:31:16, MOVE, v:1, k:fup@multiplo, mode:BACK
2026-03-22 21:31:25, SELF, v:1, k:fup@multiplo, self:1, rate:100, friend:Nao
2026-03-22 21:31:28, MOVE, v:1, k:fup@calc, mode:DOWN
2026-03-22 21:31:30, MOVE, v:1, k:fup@calc, mode:PICK
2026-03-22 21:31:31, EXEC, v:1, k:fup@calc, mode:FULL, rate:0, size:5
2026-03-22 21:35:51, EXEC, v:1, k:fup@calc, mode:FULL, size:17, fail:COMP
2026-03-22 21:36:01, EXEC, v:1, k:fup@calc, mode:FULL, rate:100, size:17
2026-03-22 21:36:39, SELF, v:1, k:fup@calc, self:1, rate:100, friend:Nao
2026-03-22 21:36:39, EXEC, v:1, k:fup@calc, mode:FULL, rate:100
2026-03-22 21:36:41, MOVE, v:1, k:fup@calc, mode:BACK
2026-03-22 21:36:47, MOVE, v:1, k:fup@guarda, mode:DOWN
2026-03-22 21:36:51, MOVE, v:1, k:fup@guarda, mode:PICK
2026-03-22 21:36:51, EXEC, v:1, k:fup@guarda, mode:FULL, rate:0, size:5
2026-03-22 21:45:43, EXEC, v:1, k:fup@guarda, mode:FULL, size:16, fail:COMP
2026-03-22 21:48:06, EXEC, v:1, k:fup@guarda, mode:FULL, size:17, fail:COMP
2026-03-22 21:48:18, EXEC, v:1, k:fup@guarda, mode:FULL, size:17, fail:COMP
2026-03-22 21:48:38, EXEC, v:1, k:fup@guarda, mode:FULL, size:17, fail:COMP
2026-03-22 21:49:48, EXEC, v:1, k:fup@guarda, mode:FULL, rate:85, size:19
2026-03-22 21:50:14, EXEC, v:1, k:fup@guarda, mode:FULL, rate:100, size:19
2026-03-22 21:50:46, SELF, v:1, k:fup@guarda, self:1, rate:100, friend:Nao, concept:1, problem:1
2026-03-22 21:50:46, EXEC, v:1, k:fup@guarda, mode:FULL, rate:100
2026-03-22 21:50:47, MOVE, v:1, k:fup@guarda, mode:BACK
2026-03-22 21:56:52, MOVE, v:1, k:fup@quantos, mode:DOWN
2026-03-22 21:56:52, MOVE, v:1, k:fup@quantos, mode:PICK
2026-03-22 21:56:53, EXEC, v:1, k:fup@quantos, mode:FULL, rate:0, size:5
2026-03-22 22:02:17, EXEC, v:1, k:fup@quantos, mode:FULL, size:17, fail:COMP
2026-03-22 22:06:26, EXEC, v:1, k:fup@quantos, mode:FULL, rate:100, size:13
2026-03-22 22:06:35, MOVE, v:1, k:fup@quantos, mode:BACK
2026-03-22 22:06:49, SELF, v:1, k:fup@quantos, self:1, rate:100, friend:Nao, problem:1
2026-03-22 22:08:17, MOVE, v:1, k:fup@impar, mode:DOWN
2026-03-22 22:08:18, MOVE, v:1, k:fup@impar, mode:PICK
2026-03-22 22:08:21, EXEC, v:1, k:fup@impar, mode:FULL, rate:0, size:5
2026-03-22 22:17:40, EXEC, v:1, k:fup@impar, mode:FULL, rate:21, size:13
2026-03-22 22:17:55, EXEC, v:1, k:fup@impar, mode:FULL, rate:57
2026-03-22 22:18:00, EXEC, v:1, k:fup@impar, mode:FULL, rate:21, size:13
2026-03-22 22:19:00, EXEC, v:1, k:fup@impar, mode:FULL, rate:57, size:13
2026-03-22 22:21:16, EXEC, v:1, k:fup@impar, mode:FULL, rate:100, size:13
2026-03-22 22:21:20, MOVE, v:1, k:fup@impar, mode:BACK
2026-03-22 22:21:38, SELF, v:1, k:fup@impar, self:1, rate:100, friend:Nao, problem:1, code:1
