2026-05-19 17:02:06, MOVE, v:1, k:fup@ru, mode:DOWN
2026-05-19 17:02:07, MOVE, v:1, k:fup@ru, mode:PICK
2026-05-19 17:02:08, EXEC, v:1, k:fup@ru, mode:FULL, rate:0, size:5
2026-05-19 17:02:06, MOVE, v:1, k:fup@ru, mode:EDIT
2026-05-19 17:02:06, MOVE, v:1, k:fup@ru, mode:EDIT
2026-05-19 17:02:08, MOVE, v:1, k:fup@ru, mode:EDIT
2026-05-19 17:03:22, MOVE, v:1, k:fup@ru, mode:BACK
2026-05-19 17:03:36, MOVE, v:1, k:fup@ascologia, mode:PICK
2026-05-19 17:03:37, EXEC, v:1, k:fup@ascologia, mode:FULL, rate:100
2026-05-19 17:03:51, MOVE, v:1, k:fup@ascologia, mode:BACK
2026-05-19 17:04:05, MOVE, v:1, k:fup@alcaparras, mode:PICK
2026-05-19 17:04:05, EXEC, v:1, k:fup@alcaparras, mode:FULL, rate:100
2026-05-19 17:03:37, MOVE, v:1, k:fup@ascologia, mode:EDIT
2026-05-19 17:04:05, MOVE, v:1, k:fup@alcaparras, mode:EDIT
2026-05-19 17:06:35, MOVE, v:1, k:fup@ru, mode:EDIT
2026-05-19 17:08:11, MOVE, v:1, k:fup@alcaparras, mode:BACK
2026-05-19 17:08:20, MOVE, v:1, k:fup@ru, mode:PICK
2026-05-19 17:08:20, EXEC, v:1, k:fup@ru, mode:FULL, size:14, fail:COMP
2026-05-19 17:17:56, MOVE, v:1, k:fup@ru, mode:EDIT
2026-05-19 17:18:03, EXEC, v:1, k:fup@ru, mode:FULL, rate:0, size:25
2026-05-19 17:18:58, EXEC, v:1, k:fup@ru, mode:FULL, rate:0, size:25
2026-05-19 17:21:29, EXEC, v:1, k:fup@ru, mode:FULL, rate:100, size:28
2026-05-19 17:21:31, MOVE, v:1, k:fup@ru, mode:BACK
2026-05-19 17:21:35, SELF, v:1, k:fup@ru, self:1, rate:100
2026-05-19 17:21:43, MOVE, v:1, k:fup@leds, mode:DOWN
2026-05-19 17:21:43, MOVE, v:1, k:fup@leds, mode:PICK
2026-05-19 17:21:44, EXEC, v:1, k:fup@leds, mode:FULL, rate:0, size:5
2026-05-19 17:21:27, MOVE, v:1, k:fup@ru, mode:EDIT
2026-05-19 17:21:29, MOVE, v:1, k:fup@ru, mode:EDIT
2026-05-19 17:21:43, MOVE, v:1, k:fup@leds, mode:EDIT
2026-05-19 17:21:43, MOVE, v:1, k:fup@leds, mode:EDIT
2026-05-19 17:21:43, MOVE, v:1, k:fup@leds, mode:EDIT
2026-05-19 17:21:44, MOVE, v:1, k:fup@leds, mode:EDIT
2026-05-19 17:26:20, MOVE, v:1, k:fup@leds, mode:EDIT
2026-05-19 17:32:56, MOVE, v:1, k:fup@leds, mode:EDIT
2026-05-19 17:37:52, MOVE, v:1, k:fup@leds, mode:EDIT
2026-05-19 17:38:55, EXEC, v:1, k:fup@leds, mode:FULL, rate:0, size:51
2026-05-19 17:39:28, EXEC, v:1, k:fup@leds, mode:FULL, rate:0
2026-05-19 17:39:52, EXEC, v:1, k:fup@leds, mode:FULL, size:53, fail:COMP
2026-05-19 17:40:09, EXEC, v:1, k:fup@leds, mode:FULL, rate:0, size:53
2026-05-19 17:40:21, EXEC, v:1, k:fup@leds, mode:FULL, rate:0, size:52
2026-05-19 17:42:00, EXEC, v:1, k:fup@leds, mode:FULL, rate:100, size:54
2026-05-19 17:42:04, MOVE, v:1, k:fup@leds, mode:BACK
2026-05-19 17:42:09, SELF, v:1, k:fup@leds, self:1, rate:100
2026-05-19 17:42:32, MOVE, v:1, k:fup@vcvcvc, mode:DOWN
2026-05-19 17:42:32, MOVE, v:1, k:fup@vcvcvc, mode:PICK
2026-05-19 17:42:00, MOVE, v:1, k:fup@leds, mode:EDIT
2026-05-19 17:42:00, MOVE, v:1, k:fup@leds, mode:EDIT
2026-05-19 17:42:32, MOVE, v:1, k:fup@vcvcvc, mode:EDIT
2026-05-19 17:42:32, MOVE, v:1, k:fup@vcvcvc, mode:EDIT
2026-05-19 17:42:32, MOVE, v:1, k:fup@vcvcvc, mode:EDIT
2026-05-19 17:43:09, EXEC, v:1, k:fup@vcvcvc, mode:FULL, rate:0, size:5
2026-05-19 17:43:09, MOVE, v:1, k:fup@vcvcvc, mode:EDIT
2026-05-19 17:47:51, MOVE, v:1, k:fup@vcvcvc, mode:EDIT
2026-05-19 17:53:01, MOVE, v:1, k:fup@vcvcvc, mode:EDIT
2026-05-19 17:54:16, EXEC, v:1, k:fup@vcvcvc, mode:FULL, size:27, fail:COMP
2026-05-19 17:56:40, MOVE, v:1, k:fup@vcvcvc, mode:EDIT
2026-05-19 18:00:21, EXEC, v:1, k:fup@vcvcvc, mode:FULL, size:26, fail:COMP
2026-05-19 18:00:24, EXEC, v:1, k:fup@vcvcvc, mode:FULL, fail:COMP
2026-05-19 18:00:40, MOVE, v:1, k:fup@vcvcvc, mode:EDIT
2026-05-19 18:07:33, EXEC, v:1, k:fup@vcvcvc, mode:FULL, rate:0, size:26
2026-05-19 18:07:43, EXEC, v:1, k:fup@vcvcvc, mode:FULL, rate:0, size:26
2026-05-19 18:07:42, MOVE, v:1, k:fup@vcvcvc, mode:EDIT
2026-05-19 18:07:43, MOVE, v:1, k:fup@vcvcvc, mode:EDIT
2026-05-19 18:12:55, MOVE, v:1, k:fup@vcvcvc, mode:EDIT
2026-05-19 18:18:01, MOVE, v:1, k:fup@vcvcvc, mode:EDIT
2026-05-19 18:19:27, EXEC, v:1, k:fup@vcvcvc, mode:FULL, rate:100, size:32
2026-05-19 18:22:01, MOVE, v:1, k:fup@vcvcvc, mode:BACK
2026-05-19 18:22:08, SELF, v:1, k:fup@vcvcvc, self:1, rate:100, friend:daniel
