2026-04-06 15:36:49, MOVE, v:1, k:fup@pares, mode:PICK
2026-04-06 15:36:50, EXEC, v:1, k:fup@pares, mode:FULL, rate:0
2026-04-06 16:02:07, EXEC, v:1, k:fup@pares, mode:FULL, size:17, fail:COMP
2026-04-06 16:03:22, EXEC, v:1, k:fup@pares, mode:FULL, size:19, fail:COMP
2026-04-06 16:03:59, EXEC, v:1, k:fup@pares, mode:FULL, size:19, fail:COMP
2026-04-06 16:04:19, EXEC, v:1, k:fup@pares, mode:FULL, rate:100, size:19
2026-04-06 16:04:24, MOVE, v:1, k:fup@pares, mode:BACK
2026-04-06 16:04:33, SELF, v:1, k:fup@pares, self:1, rate:100
2026-04-06 16:04:39, MOVE, v:1, k:fup@ceu, mode:DOWN
2026-04-06 16:04:40, MOVE, v:1, k:fup@ceu, mode:PICK
2026-04-06 16:04:42, EXEC, v:1, k:fup@ceu, mode:FULL, rate:0, size:5
2026-04-06 16:04:43, EXEC, v:1, k:fup@ceu, mode:FULL, rate:0
2026-04-06 16:09:34, EXEC, v:1, k:fup@ceu, mode:FULL, rate:0, size:15
2026-04-06 16:10:40, EXEC, v:1, k:fup@ceu, mode:FULL, rate:0, size:18
2026-04-06 16:11:00, EXEC, v:1, k:fup@ceu, mode:FULL, rate:0
2026-04-06 16:11:25, EXEC, v:1, k:fup@ceu, mode:FULL, rate:0, size:18
2026-04-06 16:11:35, EXEC, v:1, k:fup@ceu, mode:FULL, size:18, fail:COMP
2026-04-06 16:11:41, EXEC, v:1, k:fup@ceu, mode:FULL, rate:0, size:18
2026-04-06 16:14:00, EXEC, v:1, k:fup@ceu, mode:FULL, rate:60, size:20
2026-04-06 16:14:13, EXEC, v:1, k:fup@ceu, mode:FULL, rate:20, size:20
2026-04-06 16:14:24, EXEC, v:1, k:fup@ceu, mode:FULL, rate:20
2026-04-06 16:14:26, EXEC, v:1, k:fup@ceu, mode:FULL, rate:60, size:20
2026-04-06 16:18:35, EXEC, v:1, k:fup@ceu, mode:FULL, size:23, fail:COMP
2026-04-06 16:18:50, EXEC, v:1, k:fup@ceu, mode:FULL, size:24, fail:COMP
2026-04-06 16:19:00, EXEC, v:1, k:fup@ceu, mode:FULL, rate:0, size:21
2026-04-06 16:19:10, EXEC, v:1, k:fup@ceu, mode:FULL, rate:0
2026-04-06 16:19:22, EXEC, v:1, k:fup@ceu, mode:FULL, rate:0
2026-04-06 16:19:28, EXEC, v:1, k:fup@ceu, mode:FULL, rate:0
2026-04-06 16:19:40, EXEC, v:1, k:fup@ceu, mode:FULL, rate:0, size:21
2026-04-06 16:19:40, EXEC, v:1, k:fup@ceu, mode:FULL, rate:0, size:21
2026-04-06 16:19:40, EXEC, v:1, k:fup@ceu, mode:FULL, rate:0, size:21
2026-04-06 16:19:49, EXEC, v:1, k:fup@ceu, mode:FULL, rate:80, size:21
2026-04-06 16:20:07, EXEC, v:1, k:fup@ceu, mode:FULL, rate:20, size:21
2026-04-06 16:20:15, EXEC, v:1, k:fup@ceu, mode:FULL, rate:80, size:21
2026-04-06 16:20:38, EXEC, v:1, k:fup@ceu, mode:FULL, rate:0, size:21
2026-04-06 16:20:38, EXEC, v:1, k:fup@ceu, mode:FULL, rate:0, size:21
2026-04-06 16:28:21, EXEC, v:1, k:fup@ceu, mode:FULL, rate:80, size:21
2026-04-06 16:29:29, EXEC, v:1, k:fup@ceu, mode:FULL, rate:100, size:25
2026-04-06 16:29:37, MOVE, v:1, k:fup@ceu, mode:BACK
2026-04-06 16:29:46, SELF, v:1, k:fup@ceu, self:1, rate:100, problem:1
2026-04-06 16:29:46, MOVE, v:1, k:fup@ceu, mode:PICK
2026-04-06 16:29:48, MOVE, v:1, k:fup@ceu, mode:BACK
2026-04-06 16:29:53, MOVE, v:1, k:fup@loop_v, mode:DOWN
2026-04-06 16:29:54, MOVE, v:1, k:fup@loop_v, mode:PICK
2026-04-06 16:29:55, EXEC, v:1, k:fup@loop_v, mode:FULL, rate:0, size:5
2026-04-06 16:37:46, EXEC, v:1, k:fup@loop_v, mode:FULL, rate:0, size:21
2026-04-06 16:37:53, EXEC, v:1, k:fup@loop_v, mode:FULL, rate:0, size:21
2026-04-06 16:38:43, EXEC, v:1, k:fup@loop_v, mode:FULL, rate:0, size:21
2026-04-06 16:39:19, EXEC, v:1, k:fup@loop_v, mode:FULL, rate:0, size:21
2026-04-06 16:39:25, EXEC, v:1, k:fup@loop_v, mode:FULL, rate:100, size:21
2026-04-06 16:39:28, MOVE, v:1, k:fup@loop_v, mode:BACK
2026-04-06 16:39:32, SELF, v:1, k:fup@loop_v, self:1, rate:100
2026-04-06 16:43:10, SELF, v:1, k:fup@ceu, self:1, rate:100
2026-04-06 16:43:15, MOVE, v:1, k:fup@esconde, mode:DOWN
2026-04-06 16:43:16, MOVE, v:1, k:fup@esconde, mode:PICK
2026-04-06 16:43:17, EXEC, v:1, k:fup@esconde, mode:FULL, rate:0, size:5
2026-04-06 16:48:05, EXEC, v:1, k:fup@esconde, mode:FULL, rate:0, size:12
2026-04-06 16:48:17, EXEC, v:1, k:fup@esconde, mode:FULL, rate:0, size:12
2026-04-06 16:48:28, EXEC, v:1, k:fup@esconde, mode:FULL, rate:0, size:12
2026-04-06 16:48:36, EXEC, v:1, k:fup@esconde, mode:FULL, rate:0, size:12
2026-04-06 16:50:05, EXEC, v:1, k:fup@esconde, mode:FULL, rate:0, size:17
2026-04-06 16:52:30, EXEC, v:1, k:fup@esconde, mode:FULL, size:17, fail:COMP
2026-04-06 16:52:39, EXEC, v:1, k:fup@esconde, mode:FULL, rate:0, size:17
2026-04-06 16:53:46, EXEC, v:1, k:fup@esconde, mode:FULL, size:14, fail:COMP
2026-04-06 16:53:54, EXEC, v:1, k:fup@esconde, mode:FULL, size:14, fail:COMP
2026-04-06 16:56:41, EXEC, v:1, k:fup@esconde, mode:FULL, size:17, fail:COMP
2026-04-06 16:56:52, EXEC, v:1, k:fup@esconde, mode:FULL, rate:100, size:17
2026-04-06 16:56:54, MOVE, v:1, k:fup@esconde, mode:BACK
2026-04-06 16:57:04, SELF, v:1, k:fup@esconde, self:1, rate:100, friend:hanna
2026-04-06 16:59:02, MOVE, v:1, k:fup@zigzag, mode:DOWN
2026-04-06 16:59:02, MOVE, v:1, k:fup@zigzag, mode:PICK
2026-04-06 16:59:04, EXEC, v:1, k:fup@zigzag, mode:FULL, rate:0, size:5
2026-04-06 17:05:40, EXEC, v:1, k:fup@zigzag, mode:FULL, size:18, fail:COMP
2026-04-06 17:05:52, EXEC, v:1, k:fup@zigzag, mode:FULL, rate:0, size:18
2026-04-06 17:06:36, EXEC, v:1, k:fup@zigzag, mode:FULL, rate:0, size:18
2026-04-06 17:07:39, EXEC, v:1, k:fup@zigzag, mode:FULL, rate:100, size:18
2026-04-06 17:07:43, MOVE, v:1, k:fup@zigzag, mode:BACK
2026-04-06 17:07:48, SELF, v:1, k:fup@zigzag, self:1, rate:100
2026-04-06 17:09:43, MOVE, v:1, k:fup@colorido, mode:DOWN
2026-04-06 17:09:44, MOVE, v:1, k:fup@colorido, mode:PICK
2026-04-06 17:09:47, EXEC, v:1, k:fup@colorido, mode:FULL, rate:0, size:5
2026-04-06 17:39:00, EXEC, v:1, k:fup@colorido, mode:FULL, size:28, fail:COMP
2026-04-06 17:39:33, EXEC, v:1, k:fup@colorido, mode:FULL, rate:0, size:27
2026-04-06 17:46:27, EXEC, v:1, k:fup@colorido, mode:FULL, rate:100, size:39
2026-04-06 17:46:50, MOVE, v:1, k:fup@colorido, mode:BACK
2026-04-06 17:47:02, SELF, v:1, k:fup@colorido, self:1, rate:100, code:1
2026-04-06 17:47:24, MOVE, v:1, k:fup@concentra, mode:DOWN
2026-04-06 17:47:25, MOVE, v:1, k:fup@concentra, mode:PICK
2026-04-06 17:47:26, EXEC, v:1, k:fup@concentra, mode:FULL, rate:0, size:5
2026-04-06 17:58:45, EXEC, v:1, k:fup@concentra, mode:FULL, size:12, fail:COMP
2026-04-06 17:58:53, EXEC, v:1, k:fup@concentra, mode:FULL, rate:0, size:12
2026-04-06 17:59:00, EXEC, v:1, k:fup@concentra, mode:FULL, rate:0, size:12
2026-04-06 18:06:52, EXEC, v:1, k:fup@concentra, mode:FULL, rate:0, size:17
2026-04-06 18:07:06, EXEC, v:1, k:fup@concentra, mode:FULL, rate:100, size:17
2026-04-06 18:08:09, MOVE, v:1, k:fup@concentra, mode:BACK
2026-04-06 18:08:26, SELF, v:1, k:fup@concentra, self:1, rate:100
2026-04-06 18:08:27, MOVE, v:1, k:fup@concentra, mode:PICK
2026-04-06 18:08:28, MOVE, v:1, k:fup@concentra, mode:BACK
2026-04-06 18:10:11, MOVE, v:1, k:fup@lotado, mode:DOWN
2026-04-06 18:10:12, MOVE, v:1, k:fup@lotado, mode:PICK
2026-04-06 18:10:13, EXEC, v:1, k:fup@lotado, mode:FULL, rate:0, size:5
2026-04-06 18:12:23, EXEC, v:1, k:fup@lotado, mode:FULL, rate:0, size:7
2026-04-06 18:13:29, MOVE, v:1, k:fup@lotado, mode:BACK
2026-04-06 18:13:42, MOVE, v:1, k:fup@fuga, mode:DOWN
2026-04-06 18:13:42, MOVE, v:1, k:fup@fuga, mode:PICK
2026-04-06 18:13:44, EXEC, v:1, k:fup@fuga, mode:FULL, rate:0, size:5
2026-04-06 18:17:22, EXEC, v:1, k:fup@fuga, mode:FULL, size:12, fail:COMP
2026-04-06 18:17:30, EXEC, v:1, k:fup@fuga, mode:FULL, size:12, fail:COMP
2026-04-06 18:17:39, EXEC, v:1, k:fup@fuga, mode:FULL, rate:60, size:12
2026-04-06 18:19:16, MOVE, v:1, k:fup@fuga, mode:BACK
2026-04-06 18:20:28, MOVE, v:1, k:fup@maximo, mode:DOWN
2026-04-06 18:20:29, MOVE, v:1, k:fup@maximo, mode:PICK
2026-04-06 18:20:30, EXEC, v:1, k:fup@maximo, mode:FULL, rate:0, size:5
2026-04-06 18:21:25, EXEC, v:1, k:fup@maximo, mode:FULL, rate:100, size:12
2026-04-06 18:21:27, MOVE, v:1, k:fup@maximo, mode:BACK
2026-04-06 18:21:31, SELF, v:1, k:fup@maximo, self:1, rate:100
2026-04-06 18:21:35, MOVE, v:1, k:fup@impedido, mode:DOWN
2026-04-06 18:21:36, MOVE, v:1, k:fup@impedido, mode:PICK
2026-04-06 18:21:37, EXEC, v:1, k:fup@impedido, mode:FULL, rate:0, size:5
2026-04-06 18:22:03, MOVE, v:1, k:fup@impedido, mode:BACK
2026-04-06 18:22:06, MOVE, v:1, k:fup@chaves, mode:DOWN
2026-04-06 18:22:06, MOVE, v:1, k:fup@chaves, mode:PICK
2026-04-06 18:22:08, EXEC, v:1, k:fup@chaves, mode:FULL, rate:0, size:5
2026-04-06 23:50:46, MOVE, v:1, k:fup@impedido, mode:PICK
2026-04-06 23:50:48, EXEC, v:1, k:fup@impedido, mode:FULL, rate:0
2026-04-06 23:53:07, EXEC, v:1, k:fup@impedido, mode:FULL, rate:100, size:12
2026-04-06 23:53:08, MOVE, v:1, k:fup@impedido, mode:BACK
2026-04-06 23:53:11, SELF, v:1, k:fup@impedido, self:1, rate:100
2026-04-06 23:53:17, MOVE, v:1, k:fup@chaves, mode:PICK
2026-04-06 23:53:18, EXEC, v:1, k:fup@chaves, mode:FULL, rate:0
2026-04-06 23:55:23, EXEC, v:1, k:fup@chaves, mode:FULL, rate:100, size:14
2026-04-06 23:55:25, MOVE, v:1, k:fup@chaves, mode:BACK
2026-04-06 23:55:28, SELF, v:1, k:fup@chaves, self:1, rate:100
2026-04-06 23:55:38, MOVE, v:1, k:fup@chute, mode:DOWN
2026-04-06 23:55:38, MOVE, v:1, k:fup@chute, mode:PICK
2026-04-06 23:55:39, EXEC, v:1, k:fup@chute, mode:FULL, rate:0, size:5
