2026-05-11 16:46:44, MOVE, v:1, k:fup@vet_i, mode:PICK
2026-05-11 16:46:47, EXEC, v:1, k:fup@vet_i, mode:FULL, rate:100
2026-05-11 16:46:49, MOVE, v:1, k:fup@vet_i, mode:BACK
2026-05-11 16:46:54, MOVE, v:1, k:fup@dindin, mode:PICK
2026-05-11 16:46:55, EXEC, v:1, k:fup@dindin, mode:FULL, rate:100
2026-05-11 16:46:56, MOVE, v:1, k:fup@dindin, mode:BACK
2026-05-11 16:47:06, MOVE, v:1, k:fup@repetidos, mode:PICK
2026-05-11 16:47:07, EXEC, v:1, k:fup@repetidos, mode:FULL, rate:100
2026-05-11 16:47:08, MOVE, v:1, k:fup@repetidos, mode:BACK
2026-05-11 16:47:13, SELF, v:1, k:fup@repetidos, self:1, rate:100
2026-05-11 16:48:23, MOVE, v:1, k:fup@dieta, mode:PICK
2026-05-11 16:48:24, EXEC, v:1, k:fup@dieta, mode:FULL, rate:0, size:8
2026-05-11 16:48:25, EXEC, v:1, k:fup@dieta, mode:FULL, rate:0
2026-05-11 16:50:06, MOVE, v:1, k:fup@dieta, mode:BACK
2026-05-11 16:50:12, MOVE, v:1, k:sandbox@user_002, mode:PICK
2026-05-11 16:50:14, EXEC, v:1, k:sandbox@user_002, mode:LOCK, rate:0
2026-05-11 16:50:18, MOVE, v:1, k:sandbox@user_002, mode:BACK
2026-05-11 16:50:33, MOVE, v:1, k:fup@dieta, mode:PICK
2026-05-11 16:50:34, EXEC, v:1, k:fup@dieta, mode:FULL, rate:0
2026-05-11 16:50:50, MOVE, v:1, k:fup@dieta, mode:BACK
2026-05-11 16:46:47, MOVE, v:1, k:fup@vet_i, mode:EDIT
2026-05-11 16:46:55, MOVE, v:1, k:fup@dindin, mode:EDIT
2026-05-11 16:47:07, MOVE, v:1, k:fup@repetidos, mode:EDIT
2026-05-11 16:50:34, MOVE, v:1, k:fup@dieta, mode:EDIT
2026-05-11 16:50:14, MOVE, v:1, k:sandbox@user_002, mode:EDIT
2026-05-11 16:51:19, MOVE, v:1, k:fup@dieta, mode:EDIT
2026-05-11 16:52:23, MOVE, v:1, k:fup@dieta, mode:PICK
2026-05-11 16:52:23, EXEC, v:1, k:fup@dieta, mode:FULL, size:14, fail:COMP
2026-05-11 16:56:21, MOVE, v:1, k:fup@dieta, mode:EDIT
2026-05-11 16:56:32, EXEC, v:1, k:fup@dieta, mode:FULL, size:19, fail:COMP
2026-05-11 16:56:45, EXEC, v:1, k:fup@dieta, mode:FULL, size:19, fail:COMP
2026-05-11 16:57:19, EXEC, v:1, k:fup@dieta, mode:FULL, size:19, fail:COMP
2026-05-11 16:57:25, EXEC, v:1, k:fup@dieta, mode:FULL, size:19, fail:COMP
2026-05-11 16:58:33, EXEC, v:1, k:fup@dieta, mode:FULL, size:19, fail:COMP
2026-05-11 17:00:14, EXEC, v:1, k:fup@dieta, mode:FULL, size:20, fail:COMP
2026-05-11 17:00:36, EXEC, v:1, k:fup@dieta, mode:FULL, size:21, fail:COMP
2026-05-11 17:00:35, MOVE, v:1, k:fup@dieta, mode:EDIT
2026-05-11 17:02:17, EXEC, v:1, k:fup@dieta, mode:FULL, size:20, fail:COMP
2026-05-11 17:03:46, EXEC, v:1, k:fup@dieta, mode:FULL, rate:100, size:20
2026-05-11 17:04:02, MOVE, v:1, k:fup@dieta, mode:BACK
2026-05-11 17:04:11, SELF, v:1, k:fup@dieta, self:1, rate:100
2026-05-11 17:04:18, MOVE, v:1, k:fup@apertada, mode:PICK
2026-05-11 17:04:19, EXEC, v:1, k:fup@apertada, mode:FULL, rate:100
2026-05-11 17:04:20, MOVE, v:1, k:fup@apertada, mode:BACK
2026-05-11 17:05:07, MOVE, v:1, k:fup@batraquios, mode:PICK
2026-05-11 17:05:08, EXEC, v:1, k:fup@batraquios, mode:FULL, rate:0, size:5
2026-05-11 17:03:45, MOVE, v:1, k:fup@dieta, mode:EDIT
2026-05-11 17:03:46, MOVE, v:1, k:fup@dieta, mode:EDIT
2026-05-11 17:04:19, MOVE, v:1, k:fup@apertada, mode:EDIT
2026-05-11 17:05:08, MOVE, v:1, k:fup@batraquios, mode:EDIT
2026-05-11 17:11:23, MOVE, v:1, k:fup@batraquios, mode:EDIT
2026-05-11 17:15:25, MOVE, v:1, k:fup@batraquios, mode:EDIT
2026-05-11 17:26:22, MOVE, v:1, k:fup@batraquios, mode:EDIT
2026-05-11 17:31:25, MOVE, v:1, k:fup@batraquios, mode:EDIT
2026-05-11 17:31:53, EXEC, v:1, k:fup@batraquios, mode:FULL, size:33, fail:COMP
2026-05-11 17:32:04, EXEC, v:1, k:fup@batraquios, mode:FULL, size:33, fail:COMP
2026-05-11 17:35:24, EXEC, v:1, k:fup@batraquios, mode:FULL, size:34, fail:COMP
2026-05-11 17:36:16, MOVE, v:1, k:fup@batraquios, mode:BACK
2026-05-11 17:36:10, MOVE, v:1, k:fup@batraquios, mode:EDIT
2026-05-11 17:36:32, MOVE, v:1, k:fup@troco, mode:DOWN
2026-05-11 17:36:33, MOVE, v:1, k:fup@troco, mode:PICK
2026-05-11 17:36:33, EXEC, v:1, k:fup@troco, mode:FULL, rate:0, size:5
2026-05-11 17:36:40, MOVE, v:1, k:fup@troco, mode:BACK
2026-05-11 17:36:42, MOVE, v:1, k:fup@fila, mode:DOWN
2026-05-11 17:36:43, MOVE, v:1, k:fup@fila, mode:PICK
2026-05-11 17:36:44, EXEC, v:1, k:fup@fila, mode:FULL, rate:0, size:5
2026-05-11 17:36:32, MOVE, v:1, k:fup@troco, mode:EDIT
2026-05-11 17:36:32, MOVE, v:1, k:fup@troco, mode:EDIT
2026-05-11 17:36:32, MOVE, v:1, k:fup@troco, mode:EDIT
2026-05-11 17:36:33, MOVE, v:1, k:fup@troco, mode:EDIT
2026-05-11 17:36:42, MOVE, v:1, k:fup@fila, mode:EDIT
2026-05-11 17:36:42, MOVE, v:1, k:fup@fila, mode:EDIT
2026-05-11 17:40:24, MOVE, v:1, k:fup@fila, mode:EDIT
2026-05-11 17:36:44, MOVE, v:1, k:fup@fila, mode:EDIT
2026-05-11 17:44:10, MOVE, v:1, k:fup@fila, mode:BACK
