2026-04-27 16:33:58, MOVE, v:1, k:fup@vet_i, mode:PICK
2026-04-27 16:33:59, EXEC, v:1, k:fup@vet_i, mode:FULL, size:8, fail:COMP
2026-04-27 16:33:59, EXEC, v:1, k:fup@vet_i, mode:FULL, size:8, fail:COMP
2026-04-27 16:33:59, EXEC, v:1, k:fup@vet_i, mode:FULL, size:8, fail:COMP
2026-04-27 16:33:59, EXEC, v:1, k:fup@vet_i, mode:FULL, size:8, fail:COMP
2026-04-27 16:34:00, EXEC, v:1, k:fup@vet_i, mode:FULL, size:8, fail:COMP
2026-04-27 16:34:00, EXEC, v:1, k:fup@vet_i, mode:FULL, size:8, fail:COMP
2026-04-27 16:34:00, EXEC, v:1, k:fup@vet_i, mode:FULL, size:8, fail:COMP
2026-04-27 16:34:00, EXEC, v:1, k:fup@vet_i, mode:FULL, size:8, fail:COMP
2026-04-27 16:34:00, EXEC, v:1, k:fup@vet_i, mode:FULL, size:8, fail:COMP
2026-04-27 16:34:00, EXEC, v:1, k:fup@vet_i, mode:FULL, size:8, fail:COMP
2026-04-27 16:34:00, EXEC, v:1, k:fup@vet_i, mode:FULL, size:8, fail:COMP
2026-04-27 16:34:00, EXEC, v:1, k:fup@vet_i, mode:FULL, size:8, fail:COMP
2026-04-27 16:34:01, EXEC, v:1, k:fup@vet_i, mode:FULL, size:8, fail:COMP
2026-04-27 16:34:01, EXEC, v:1, k:fup@vet_i, mode:FULL, fail:COMP
2026-04-27 16:34:01, EXEC, v:1, k:fup@vet_i, mode:FULL, fail:COMP
2026-04-27 16:34:01, EXEC, v:1, k:fup@vet_i, mode:FULL, fail:COMP
2026-04-27 16:34:01, EXEC, v:1, k:fup@vet_i, mode:FULL, fail:COMP
2026-04-27 16:34:01, EXEC, v:1, k:fup@vet_i, mode:FULL, fail:COMP
2026-04-27 16:34:01, EXEC, v:1, k:fup@vet_i, mode:FULL, fail:COMP
2026-04-27 16:34:01, EXEC, v:1, k:fup@vet_i, mode:FULL, fail:COMP
2026-04-27 16:34:02, EXEC, v:1, k:fup@vet_i, mode:FULL, fail:COMP
2026-04-27 16:34:02, EXEC, v:1, k:fup@vet_i, mode:FULL, fail:COMP
2026-04-27 16:34:02, EXEC, v:1, k:fup@vet_i, mode:FULL, fail:COMP
2026-04-27 16:34:02, EXEC, v:1, k:fup@vet_i, mode:FULL, fail:COMP
2026-04-27 16:34:02, EXEC, v:1, k:fup@vet_i, mode:FULL, fail:COMP
2026-04-27 16:34:02, EXEC, v:1, k:fup@vet_i, mode:FULL, fail:COMP
2026-04-27 16:34:02, EXEC, v:1, k:fup@vet_i, mode:FULL, fail:COMP
2026-04-27 16:34:02, EXEC, v:1, k:fup@vet_i, mode:FULL, fail:COMP
2026-04-27 16:34:02, EXEC, v:1, k:fup@vet_i, mode:FULL, fail:COMP
2026-04-27 16:34:02, EXEC, v:1, k:fup@vet_i, mode:FULL, fail:COMP
2026-04-27 16:34:03, EXEC, v:1, k:fup@vet_i, mode:FULL, fail:COMP
2026-04-27 16:34:03, EXEC, v:1, k:fup@vet_i, mode:FULL, fail:COMP
2026-04-27 16:34:03, EXEC, v:1, k:fup@vet_i, mode:FULL, fail:COMP
2026-04-27 16:34:03, EXEC, v:1, k:fup@vet_i, mode:FULL, fail:COMP
2026-04-27 16:34:03, EXEC, v:1, k:fup@vet_i, mode:FULL, fail:COMP
2026-04-27 16:34:03, EXEC, v:1, k:fup@vet_i, mode:FULL, fail:COMP
2026-04-27 16:34:03, EXEC, v:1, k:fup@vet_i, mode:FULL, fail:COMP
2026-04-27 16:34:03, EXEC, v:1, k:fup@vet_i, mode:FULL, fail:COMP
2026-04-27 16:34:03, EXEC, v:1, k:fup@vet_i, mode:FULL, fail:COMP
2026-04-27 16:34:03, EXEC, v:1, k:fup@vet_i, mode:FULL, fail:COMP
2026-04-27 16:34:04, EXEC, v:1, k:fup@vet_i, mode:FULL, fail:COMP
2026-04-27 16:34:04, EXEC, v:1, k:fup@vet_i, mode:FULL, fail:COMP
2026-04-27 16:34:04, EXEC, v:1, k:fup@vet_i, mode:FULL, fail:COMP
2026-04-27 16:34:04, EXEC, v:1, k:fup@vet_i, mode:FULL, fail:COMP
2026-04-27 16:34:04, EXEC, v:1, k:fup@vet_i, mode:FULL, fail:COMP
2026-04-27 16:34:04, EXEC, v:1, k:fup@vet_i, mode:FULL, fail:COMP
2026-04-27 16:34:04, EXEC, v:1, k:fup@vet_i, mode:FULL, fail:COMP
2026-04-27 16:34:04, EXEC, v:1, k:fup@vet_i, mode:FULL, fail:COMP
2026-04-27 16:34:04, EXEC, v:1, k:fup@vet_i, mode:FULL, fail:COMP
2026-04-27 16:34:04, EXEC, v:1, k:fup@vet_i, mode:FULL, fail:COMP
2026-04-27 16:34:05, EXEC, v:1, k:fup@vet_i, mode:FULL, fail:COMP
2026-04-27 16:34:05, EXEC, v:1, k:fup@vet_i, mode:FULL, fail:COMP
2026-04-27 16:34:05, EXEC, v:1, k:fup@vet_i, mode:FULL, fail:COMP
2026-04-27 16:34:05, EXEC, v:1, k:fup@vet_i, mode:FULL, fail:COMP
2026-04-27 16:34:05, EXEC, v:1, k:fup@vet_i, mode:FULL, fail:COMP
2026-04-27 16:34:05, EXEC, v:1, k:fup@vet_i, mode:FULL, fail:COMP
2026-04-27 16:34:05, EXEC, v:1, k:fup@vet_i, mode:FULL, fail:COMP
2026-04-27 16:34:05, EXEC, v:1, k:fup@vet_i, mode:FULL, fail:COMP
2026-04-27 16:34:05, EXEC, v:1, k:fup@vet_i, mode:FULL, fail:COMP
2026-04-27 16:34:05, EXEC, v:1, k:fup@vet_i, mode:FULL, fail:COMP
2026-04-27 16:34:06, EXEC, v:1, k:fup@vet_i, mode:FULL, fail:COMP
2026-04-27 16:34:06, EXEC, v:1, k:fup@vet_i, mode:FULL, fail:COMP
2026-04-27 16:34:06, EXEC, v:1, k:fup@vet_i, mode:FULL, fail:COMP
2026-04-27 16:34:06, EXEC, v:1, k:fup@vet_i, mode:FULL, fail:COMP
2026-04-27 16:34:06, EXEC, v:1, k:fup@vet_i, mode:FULL, fail:COMP
2026-04-27 16:34:06, EXEC, v:1, k:fup@vet_i, mode:FULL, fail:COMP
2026-04-27 16:34:06, EXEC, v:1, k:fup@vet_i, mode:FULL, fail:COMP
2026-04-27 16:34:06, EXEC, v:1, k:fup@vet_i, mode:FULL, fail:COMP
2026-04-27 16:34:06, EXEC, v:1, k:fup@vet_i, mode:FULL, fail:COMP
2026-04-27 16:34:07, EXEC, v:1, k:fup@vet_i, mode:FULL, fail:COMP
2026-04-27 16:34:07, EXEC, v:1, k:fup@vet_i, mode:FULL, fail:COMP
2026-04-27 16:34:07, EXEC, v:1, k:fup@vet_i, mode:FULL, fail:COMP
2026-04-27 16:34:07, EXEC, v:1, k:fup@vet_i, mode:FULL, fail:COMP
2026-04-27 16:34:07, EXEC, v:1, k:fup@vet_i, mode:FULL, fail:COMP
2026-04-27 16:34:07, EXEC, v:1, k:fup@vet_i, mode:FULL, fail:COMP
2026-04-27 16:34:07, EXEC, v:1, k:fup@vet_i, mode:FULL, fail:COMP
2026-04-27 16:34:07, EXEC, v:1, k:fup@vet_i, mode:FULL, fail:COMP
2026-04-27 16:34:07, EXEC, v:1, k:fup@vet_i, mode:FULL, fail:COMP
2026-04-27 16:34:08, EXEC, v:1, k:fup@vet_i, mode:FULL, fail:COMP
2026-04-27 16:34:08, EXEC, v:1, k:fup@vet_i, mode:FULL, fail:COMP
2026-04-27 16:34:08, EXEC, v:1, k:fup@vet_i, mode:FULL, fail:COMP
2026-04-27 16:34:08, EXEC, v:1, k:fup@vet_i, mode:FULL, fail:COMP
2026-04-27 16:34:08, EXEC, v:1, k:fup@vet_i, mode:FULL, fail:COMP
2026-04-27 16:34:08, EXEC, v:1, k:fup@vet_i, mode:FULL, fail:COMP
2026-04-27 16:34:08, EXEC, v:1, k:fup@vet_i, mode:FULL, fail:COMP
2026-04-27 16:34:09, EXEC, v:1, k:fup@vet_i, mode:FULL, fail:COMP
2026-04-27 16:34:09, EXEC, v:1, k:fup@vet_i, mode:FULL, fail:COMP
2026-04-27 16:34:09, EXEC, v:1, k:fup@vet_i, mode:FULL, fail:COMP
2026-04-27 16:34:09, EXEC, v:1, k:fup@vet_i, mode:FULL, fail:COMP
2026-04-27 16:34:09, EXEC, v:1, k:fup@vet_i, mode:FULL, fail:COMP
2026-04-27 16:34:09, EXEC, v:1, k:fup@vet_i, mode:FULL, fail:COMP
2026-04-27 16:34:09, EXEC, v:1, k:fup@vet_i, mode:FULL, fail:COMP
2026-04-27 16:34:09, EXEC, v:1, k:fup@vet_i, mode:FULL, fail:COMP
2026-04-27 16:34:09, EXEC, v:1, k:fup@vet_i, mode:FULL, fail:COMP
2026-04-27 16:34:10, EXEC, v:1, k:fup@vet_i, mode:FULL, fail:COMP
2026-04-27 16:34:10, EXEC, v:1, k:fup@vet_i, mode:FULL, fail:COMP
2026-04-27 16:34:10, EXEC, v:1, k:fup@vet_i, mode:FULL, fail:COMP
2026-04-27 16:34:10, EXEC, v:1, k:fup@vet_i, mode:FULL, fail:COMP
2026-04-27 16:34:10, EXEC, v:1, k:fup@vet_i, mode:FULL, fail:COMP
2026-04-27 16:34:10, EXEC, v:1, k:fup@vet_i, mode:FULL, fail:COMP
2026-04-27 16:34:10, EXEC, v:1, k:fup@vet_i, mode:FULL, fail:COMP
2026-04-27 16:34:10, EXEC, v:1, k:fup@vet_i, mode:FULL, fail:COMP
2026-04-27 16:34:10, EXEC, v:1, k:fup@vet_i, mode:FULL, fail:COMP
2026-04-27 16:34:10, EXEC, v:1, k:fup@vet_i, mode:FULL, fail:COMP
2026-04-27 16:34:10, EXEC, v:1, k:fup@vet_i, mode:FULL, fail:COMP
2026-04-27 16:34:11, EXEC, v:1, k:fup@vet_i, mode:FULL, fail:COMP
2026-04-27 16:35:35, EXEC, v:1, k:fup@vet_i, mode:FULL, fail:COMP
2026-04-27 16:35:37, MOVE, v:1, k:fup@vet_i, mode:BACK
2026-04-27 16:36:59, MOVE, v:1, k:fup@vet_i, mode:PICK
2026-04-27 16:36:59, EXEC, v:1, k:fup@vet_i, mode:FULL, fail:COMP
2026-04-27 16:37:35, EXEC, v:1, k:fup@vet_i, mode:FULL, fail:COMP
2026-04-27 16:37:57, EXEC, v:1, k:fup@vet_i, mode:FULL, fail:COMP
2026-04-27 16:43:22, MOVE, v:1, k:fup@vet_i, mode:BACK
2026-04-27 16:54:21, MOVE, v:1, k:sandbox@user_001, mode:PICK
2026-04-27 16:54:21, EXEC, v:1, k:sandbox@user_001, mode:FULL, fail:COMP
2026-04-27 17:29:12, MOVE, v:1, k:sandbox@user_001, mode:EDIT
2026-04-27 17:52:42, MOVE, v:1, k:sandbox@user_001, mode:BACK
2026-04-27 17:52:56, MOVE, v:1, k:sandbox@user_002, mode:PICK
2026-04-27 17:52:59, EXEC, v:1, k:sandbox@user_002, mode:LOCK, rate:0, size:5
2026-04-27 17:52:53, MOVE, v:1, k:sandbox@user_002, mode:EDIT
2026-04-27 17:52:59, MOVE, v:1, k:sandbox@user_002, mode:EDIT
2026-04-27 17:54:41, MOVE, v:1, k:sandbox@user_002, mode:EDIT
2026-04-27 17:55:23, EXEC, v:1, k:sandbox@user_002, mode:FREE, size:77
2026-04-27 17:55:23, MOVE, v:1, k:sandbox@user_002, mode:EDIT
2026-04-27 17:59:50, MOVE, v:1, k:sandbox@user_002, mode:EDIT
2026-04-27 18:04:57, MOVE, v:1, k:sandbox@user_002, mode:EDIT
2026-04-27 18:09:55, MOVE, v:1, k:sandbox@user_002, mode:EDIT
2026-04-27 18:14:26, MOVE, v:1, k:sandbox@user_002, mode:EDIT
2026-04-27 18:15:09, MOVE, v:1, k:sandbox@user_002, mode:EDIT
2026-04-27 18:15:10, MOVE, v:1, k:sandbox@user_002, mode:EDIT
