2026-05-12 17:10:44, MOVE, v:1, k:fup@dieta, mode:PICK
2026-05-12 17:10:46, EXEC, v:1, k:fup@dieta, mode:FULL, rate:100
2026-05-12 17:10:47, MOVE, v:1, k:fup@dieta, mode:BACK
2026-05-12 17:10:49, MOVE, v:1, k:fup@apertada, mode:PICK
2026-05-12 17:10:50, EXEC, v:1, k:fup@apertada, mode:FULL, rate:100
2026-05-12 17:10:52, MOVE, v:1, k:fup@apertada, mode:BACK
2026-05-12 17:10:57, MOVE, v:1, k:fup@dindin, mode:PICK
2026-05-12 17:10:58, EXEC, v:1, k:fup@dindin, mode:FULL, rate:100
2026-05-12 17:10:59, MOVE, v:1, k:fup@dindin, mode:BACK
2026-05-12 17:11:05, MOVE, v:1, k:fup@vet_i, mode:PICK
2026-05-12 17:11:05, EXEC, v:1, k:fup@vet_i, mode:FULL, rate:100
2026-05-12 17:11:07, MOVE, v:1, k:fup@vet_i, mode:BACK
2026-05-12 17:11:36, MOVE, v:1, k:fup@fila, mode:PICK
2026-05-12 17:11:37, EXEC, v:1, k:fup@fila, mode:FULL, size:10, fail:COMP
2026-05-12 17:10:46, MOVE, v:1, k:fup@dieta, mode:EDIT
2026-05-12 17:10:50, MOVE, v:1, k:fup@apertada, mode:EDIT
2026-05-12 17:10:58, MOVE, v:1, k:fup@dindin, mode:EDIT
2026-05-12 17:11:05, MOVE, v:1, k:fup@vet_i, mode:EDIT
2026-05-12 17:11:46, MOVE, v:1, k:fup@fila, mode:EDIT
2026-05-12 17:19:07, EXEC, v:1, k:fup@fila, mode:FULL, rate:0, size:10
2026-05-12 17:23:59, EXEC, v:1, k:fup@fila, mode:FULL, rate:0, size:26
2026-05-12 17:19:07, MOVE, v:1, k:fup@fila, mode:EDIT
2026-05-12 17:23:59, MOVE, v:1, k:fup@fila, mode:EDIT
2026-05-12 17:23:57, MOVE, v:1, k:fup@fila, mode:EDIT
2026-05-12 17:26:47, EXEC, v:1, k:fup@fila, mode:FULL, size:31, fail:COMP
2026-05-12 17:27:09, EXEC, v:1, k:fup@fila, mode:FULL, rate:100, size:32
2026-05-12 17:27:11, MOVE, v:1, k:fup@fila, mode:BACK
2026-05-12 17:27:20, SELF, v:1, k:fup@fila, self:1, rate:100
2026-05-12 17:28:07, MOVE, v:1, k:fup@troco, mode:PICK
2026-05-12 17:28:08, EXEC, v:1, k:fup@troco, mode:FULL, rate:0
2026-05-12 17:28:28, MOVE, v:1, k:fup@troco, mode:BACK
2026-05-12 17:28:50, MOVE, v:1, k:fup@cartas, mode:DOWN
2026-05-12 17:28:50, MOVE, v:1, k:fup@cartas, mode:PICK
2026-05-12 17:28:51, EXEC, v:1, k:fup@cartas, mode:FULL, rate:0, size:5
2026-05-12 17:26:47, MOVE, v:1, k:fup@fila, mode:EDIT
2026-05-12 17:27:09, MOVE, v:1, k:fup@fila, mode:EDIT
2026-05-12 17:28:08, MOVE, v:1, k:fup@troco, mode:EDIT
2026-05-12 17:28:50, MOVE, v:1, k:fup@cartas, mode:EDIT
2026-05-12 17:28:50, MOVE, v:1, k:fup@cartas, mode:EDIT
2026-05-12 17:28:51, MOVE, v:1, k:fup@cartas, mode:EDIT
2026-05-12 17:34:06, MOVE, v:1, k:fup@cartas, mode:EDIT
2026-05-12 17:35:44, EXEC, v:1, k:fup@cartas, mode:FULL, rate:0, size:34
2026-05-12 17:35:56, EXEC, v:1, k:fup@cartas, mode:FULL, rate:100, size:34
2026-05-12 17:36:06, MOVE, v:1, k:fup@cartas, mode:BACK
2026-05-12 17:36:13, SELF, v:1, k:fup@cartas, self:1, rate:100
2026-05-12 17:35:56, MOVE, v:1, k:fup@cartas, mode:EDIT
2026-05-12 17:35:56, MOVE, v:1, k:fup@cartas, mode:EDIT
