2026-03-16 16:05:19, MOVE, v:1, k:fup@sobrou, mode:DOWN
2026-03-16 16:05:19, MOVE, v:1, k:fup@sobrou, mode:PICK
2026-03-16 16:05:22, EXEC, v:1, k:fup@sobrou, mode:FULL, rate:0, size:5
2026-03-16 16:05:32, EXEC, v:1, k:fup@sobrou, mode:FREE
2026-03-16 16:15:00, EXEC, v:1, k:fup@sobrou, mode:FULL, size:11, fail:COMP
2026-03-16 16:15:25, EXEC, v:1, k:fup@sobrou, mode:FULL, size:11, fail:COMP
2026-03-16 16:15:33, EXEC, v:1, k:fup@sobrou, mode:FULL, rate:0, size:11
2026-03-16 16:16:56, EXEC, v:1, k:fup@sobrou, mode:FULL, rate:0, size:11
2026-03-16 16:17:20, EXEC, v:1, k:fup@sobrou, mode:FULL, rate:0, size:11
2026-03-16 16:19:34, EXEC, v:1, k:fup@sobrou, mode:FULL, rate:0
2026-03-16 16:19:34, EXEC, v:1, k:fup@sobrou, mode:FULL, rate:0
2026-03-16 16:19:51, EXEC, v:1, k:fup@sobrou, mode:FULL, rate:0, size:11
2026-03-16 16:21:00, EXEC, v:1, k:fup@sobrou, mode:FULL, rate:0, size:12
2026-03-16 16:21:35, EXEC, v:1, k:fup@sobrou, mode:FULL, rate:0, size:12
2026-03-16 16:21:46, MOVE, v:1, k:fup@sobrou, mode:PICK
2026-03-16 16:21:47, EXEC, v:1, k:fup@sobrou, mode:FULL, rate:0
2026-03-16 16:22:06, EXEC, v:1, k:fup@sobrou, mode:FULL, rate:0, size:12
2026-03-16 16:23:16, EXEC, v:1, k:fup@sobrou, mode:FULL, rate:0, size:13
2026-03-16 16:23:19, EXEC, v:1, k:fup@sobrou, mode:FULL, rate:0
2026-03-16 16:23:31, EXEC, v:1, k:fup@sobrou, mode:FULL, rate:0, size:13
2026-03-16 16:24:32, EXEC, v:1, k:fup@sobrou, mode:FULL, rate:0
2026-03-16 16:24:39, EXEC, v:1, k:fup@sobrou, mode:FULL, size:13, fail:COMP
2026-03-16 16:24:42, EXEC, v:1, k:fup@sobrou, mode:FULL, fail:COMP
2026-03-16 16:24:53, EXEC, v:1, k:fup@sobrou, mode:FULL, rate:0, size:13
2026-03-16 16:25:26, EXEC, v:1, k:fup@sobrou, mode:FULL, rate:42, size:13
2026-03-16 16:25:51, EXEC, v:1, k:fup@sobrou, mode:FULL, rate:0, size:13
2026-03-16 16:26:05, EXEC, v:1, k:fup@sobrou, mode:FULL, rate:42, size:13
2026-03-16 16:27:15, EXEC, v:1, k:fup@sobrou, mode:FULL, rate:0, size:13
2026-03-16 16:27:21, EXEC, v:1, k:fup@sobrou, mode:FULL, rate:0, size:13
2026-03-16 16:27:33, EXEC, v:1, k:fup@sobrou, mode:FULL, rate:0, size:13
2026-03-16 16:28:59, EXEC, v:1, k:fup@sobrou, mode:FULL, rate:0, size:13
2026-03-16 16:29:06, EXEC, v:1, k:fup@sobrou, mode:FULL, rate:100, size:13
2026-03-16 16:29:16, EXEC, v:1, k:fup@sobrou, mode:FULL, rate:100
2026-03-16 16:29:22, EXEC, v:1, k:fup@sobrou, mode:FULL, rate:100
2026-03-16 16:29:28, MOVE, v:1, k:fup@sobrou, mode:BACK
2026-03-16 16:31:07, SELF, v:1, k:fup@sobrou, self:1, rate:100, study:10, friend:Nao, concept:1, code:1
2026-03-16 16:31:29, SELF, v:1, k:fup@sobrou, self:1, rate:100, study:10, friend:Nao, concept:1, code:1, debug:1, refactor:1
2026-03-16 16:31:39, SELF, v:1, k:fup@sobrou, self:1, rate:100, study:10, friend:Nao, concept:1, code:1, debug:1
2026-03-16 16:31:59, SELF, v:1, k:fup@sobrou, self:1, rate:100, study:10, friend:Nao, concept:1
