2026-05-24 20:47:08, MOVE, v:1, k:fup@vcvcvc, mode:PICK
2026-05-24 20:47:10, MOVE, v:1, k:fup@vcvcvc, mode:BACK
2026-05-24 23:30:19, MOVE, v:1, k:fup@casais, mode:DOWN
2026-05-24 23:30:20, MOVE, v:1, k:fup@casais, mode:PICK
2026-05-24 23:30:23, EXEC, v:1, k:fup@casais, mode:FULL, rate:0, size:5
2026-05-24 23:30:19, MOVE, v:1, k:fup@casais, mode:EDIT
2026-05-24 23:30:19, MOVE, v:1, k:fup@casais, mode:EDIT
2026-05-24 23:32:11, MOVE, v:1, k:fup@casais, mode:EDIT
2026-05-24 23:30:23, MOVE, v:1, k:fup@casais, mode:EDIT
2026-05-24 23:34:35, MOVE, v:1, k:fup@casais, mode:EDIT
2026-05-24 23:43:24, MOVE, v:1, k:fup@casais, mode:EDIT
2026-05-24 23:48:33, MOVE, v:1, k:fup@casais, mode:EDIT
2026-05-24 23:48:35, EXEC, v:1, k:fup@casais, mode:FULL, rate:0, size:25
2026-05-24 23:48:41, EXEC, v:1, k:fup@casais, mode:FULL, rate:0
2026-05-24 23:48:57, EXEC, v:1, k:fup@casais, mode:FULL, size:26, fail:COMP
2026-05-24 23:49:02, EXEC, v:1, k:fup@casais, mode:FULL, fail:COMP
2026-05-24 23:49:03, EXEC, v:1, k:fup@casais, mode:FULL, rate:0, size:25
2026-05-24 23:49:03, MOVE, v:1, k:fup@casais, mode:EDIT
2026-05-24 23:49:03, MOVE, v:1, k:fup@casais, mode:EDIT
2026-05-24 23:53:45, EXEC, v:1, k:fup@casais, mode:FULL, rate:75, size:26
2026-05-24 23:53:44, MOVE, v:1, k:fup@casais, mode:EDIT
2026-05-24 23:53:45, MOVE, v:1, k:fup@casais, mode:EDIT
