2026-06-02 11:46:26, MOVE, v:1, k:fup@valdiskley, mode:PICK
2026-06-02 11:46:28, EXEC, v:1, k:fup@valdiskley, mode:FULL, rate:100
2026-06-02 11:46:29, EXEC, v:1, k:fup@valdiskley, mode:FULL, rate:100
2026-06-02 11:47:22, MOVE, v:1, k:fup@valdiskley, mode:BACK
2026-06-02 11:47:38, MOVE, v:1, k:fup@bundona, mode:PICK
2026-06-02 11:47:39, EXEC, v:1, k:fup@bundona, mode:FULL, rate:85
2026-06-02 11:48:58, MOVE, v:1, k:fup@bundona, mode:BACK
2026-06-02 11:49:32, MOVE, v:1, k:fup@repetidos, mode:PICK
2026-06-02 11:49:33, EXEC, v:1, k:fup@repetidos, mode:FULL, rate:100
2026-06-02 11:49:42, MOVE, v:1, k:fup@repetidos, mode:BACK
2026-06-02 11:49:46, MOVE, v:1, k:fup@baruel, mode:PICK
2026-06-02 11:49:47, EXEC, v:1, k:fup@baruel, mode:FULL, rate:0, size:10
2026-06-02 11:49:54, MOVE, v:1, k:fup@baruel, mode:BACK
2026-06-02 11:49:55, MOVE, v:1, k:fup@baruel, mode:PICK
2026-06-02 11:49:55, MOVE, v:1, k:fup@baruel, mode:BACK
2026-06-02 11:46:29, MOVE, v:1, k:fup@valdiskley, mode:EDIT
2026-06-02 11:47:39, MOVE, v:1, k:fup@bundona, mode:EDIT
2026-06-02 11:49:33, MOVE, v:1, k:fup@repetidos, mode:EDIT
2026-06-02 11:49:47, MOVE, v:1, k:fup@baruel, mode:EDIT
2026-06-02 11:50:36, MOVE, v:1, k:fup@mercantil, mode:PICK
2026-06-02 11:50:37, MOVE, v:1, k:fup@mercantil, mode:BACK
2026-06-02 11:50:45, MOVE, v:1, k:fup@mercantil, mode:PICK
2026-06-02 11:50:46, EXEC, v:1, k:fup@mercantil, mode:FULL, rate:100
2026-06-02 11:51:39, MOVE, v:1, k:fup@mercantil, mode:BACK
