2026-03-11 16:54:15, MOVE, v:1, k:fup@resto, mode:PICK
2026-03-11 16:54:23, EXEC, v:1, k:fup@resto, mode:FULL, rate:100, size:7
2026-03-11 16:54:24, EXEC, v:1, k:fup@resto, mode:FULL, rate:100
2026-03-11 16:54:27, EXEC, v:1, k:fup@resto, mode:FULL, rate:100
2026-03-11 16:54:29, EXEC, v:1, k:fup@resto, mode:FULL, rate:100
2026-03-11 16:54:37, EXEC, v:1, k:fup@resto, mode:FULL, rate:100
2026-03-11 16:54:40, MOVE, v:1, k:fup@resto, mode:BACK
2026-03-11 16:54:47, MOVE, v:1, k:fup@media, mode:DOWN
2026-03-11 16:54:48, MOVE, v:1, k:fup@media, mode:PICK
2026-03-11 16:54:50, EXEC, v:1, k:fup@media, mode:FULL, rate:0, size:5
2026-03-11 16:54:57, EXEC, v:1, k:fup@media, mode:FREE
2026-03-11 17:03:33, EXEC, v:1, k:fup@media, mode:FULL, rate:0, size:9
2026-03-11 17:04:02, EXEC, v:1, k:fup@media, mode:FULL, rate:0, size:9
2026-03-11 17:04:10, EXEC, v:1, k:fup@media, mode:FULL, rate:0, size:8
2026-03-11 17:10:30, EXEC, v:1, k:fup@media, mode:FULL, rate:0, size:8
2026-03-11 17:11:06, EXEC, v:1, k:fup@media, mode:FULL, rate:0, size:8
2026-03-11 17:12:06, MOVE, v:1, k:fup@media, mode:PICK
2026-03-11 17:12:07, EXEC, v:1, k:fup@media, mode:FULL, rate:0, size:8
2026-03-11 17:12:09, EXEC, v:1, k:fup@media, mode:FULL, rate:0
2026-03-11 17:13:10, EXEC, v:1, k:fup@media, mode:FULL, rate:0, size:8
2026-03-11 17:13:22, EXEC, v:1, k:fup@media, mode:FULL, rate:60, size:8
2026-03-11 17:14:32, EXEC, v:1, k:fup@media, mode:FULL, rate:100, size:9
2026-03-11 17:14:59, EXEC, v:1, k:fup@media, mode:FULL, rate:100
2026-03-11 17:15:17, MOVE, v:1, k:fup@media, mode:BACK
2026-03-11 23:36:35, MOVE, v:1, k:fup@media, mode:PICK
2026-03-11 23:36:38, EXEC, v:1, k:fup@media, mode:FULL, rate:100, size:8
2026-03-11 23:36:43, EXEC, v:1, k:fup@media, mode:FULL, rate:100
2026-03-11 23:36:46, MOVE, v:1, k:fup@media, mode:BACK
2026-03-11 23:37:51, MOVE, v:1, k:fup@media, mode:PICK
2026-03-11 23:37:53, EXEC, v:1, k:fup@media, mode:FULL, rate:100
2026-03-11 23:46:47, EXEC, v:1, k:fup@media, mode:FULL, rate:100
2026-03-11 23:46:49, MOVE, v:1, k:fup@media, mode:BACK
2026-03-11 23:53:54, SELF, v:1, k:fup@tres, self:1, rate:100, study:8, friend:Nao , concept:1, debug:1
2026-03-11 23:56:10, SELF, v:1, k:fup@resto, self:1, rate:100, study:5, friend:Nao, guided:1
2026-03-11 23:56:30, SELF, v:1, k:fup@media, self:1, rate:100, study:6, friend:Nao, guided:1
2026-03-11 23:56:59, SELF, v:1, k:sandbox@user_002, self:1, rate:100, study:5, friend:Nao, guided:1
