2026-06-25 15:18:13, MOVE, v:1, k:fup@bingo, mode:PICK
2026-06-25 15:18:34, MOVE, v:1, k:fup@bingo, mode:PICK
2026-06-25 15:18:35, EXEC, v:1, k:fup@bingo, mode:FULL, rate:0
2026-06-25 15:22:43, EXEC, v:1, k:fup@bingo, mode:FULL, size:12, fail:COMP
2026-06-25 15:22:48, EXEC, v:1, k:fup@bingo, mode:FULL, rate:0, size:12
2026-06-25 15:22:48, MOVE, v:1, k:fup@bingo, mode:EDIT
2026-06-25 15:23:32, MOVE, v:1, k:fup@bingo, mode:EDIT
2026-06-25 15:25:49, EXEC, v:1, k:fup@bingo, mode:FULL, size:27, fail:COMP
2026-06-25 15:26:06, EXEC, v:1, k:fup@bingo, mode:FULL, rate:100, size:27
2026-06-25 15:26:25, MOVE, v:1, k:fup@bingo, mode:BACK
2026-06-25 15:26:30, SELF, v:1, k:fup@bingo, self:1, rate:100
2026-06-25 15:26:38, MOVE, v:1, k:fup@imperador, mode:DOWN
2026-06-25 15:26:39, MOVE, v:1, k:fup@imperador, mode:PICK
2026-06-25 15:26:40, EXEC, v:1, k:fup@imperador, mode:FULL, rate:0, size:5
2026-06-25 15:26:01, MOVE, v:1, k:fup@bingo, mode:EDIT
2026-06-25 15:26:06, MOVE, v:1, k:fup@bingo, mode:EDIT
2026-06-25 15:26:38, MOVE, v:1, k:fup@imperador, mode:EDIT
2026-06-25 15:26:40, MOVE, v:1, k:fup@imperador, mode:EDIT
2026-06-25 15:31:14, MOVE, v:1, k:fup@imperador, mode:BACK
2026-06-25 15:31:30, MOVE, v:1, k:fup@coluna, mode:DOWN
2026-06-25 15:31:30, MOVE, v:1, k:fup@coluna, mode:PICK
2026-06-25 15:31:31, EXEC, v:1, k:fup@coluna, mode:FULL, rate:0, size:5
2026-06-25 15:31:30, MOVE, v:1, k:fup@coluna, mode:EDIT
2026-06-25 15:31:31, MOVE, v:1, k:fup@coluna, mode:EDIT
2026-06-25 15:33:45, MOVE, v:1, k:fup@coluna, mode:EDIT
2026-06-25 15:48:21, MOVE, v:1, k:fup@coluna, mode:EDIT
2026-06-25 15:51:22, EXEC, v:1, k:fup@coluna, mode:FULL, size:32, fail:COMP
2026-06-25 15:51:45, EXEC, v:1, k:fup@coluna, mode:FULL, rate:40, size:32
2026-06-25 15:52:14, MOVE, v:1, k:fup@coluna, mode:EDIT
2026-06-25 15:51:45, MOVE, v:1, k:fup@coluna, mode:EDIT
2026-06-25 15:54:27, EXEC, v:1, k:fup@coluna, mode:FULL, rate:40, size:32
2026-06-25 15:55:28, EXEC, v:1, k:fup@coluna, mode:FULL, rate:40
2026-06-25 15:57:23, MOVE, v:1, k:fup@coluna, mode:BACK
