2026-06-16 13:17:23, MOVE, v:1, k:eval1@ceu, mode:PICK
2026-06-16 13:17:24, EXEC, v:1, k:eval1@ceu, mode:FULL, rate:0
2026-06-16 13:17:49, MOVE, v:1, k:eval1@ceu, mode:BACK
2026-06-16 15:26:31, MOVE, v:1, k:fup@pizza, mode:DOWN
2026-06-16 15:26:32, MOVE, v:1, k:fup@pizza, mode:PICK
2026-06-16 15:26:33, EXEC, v:1, k:fup@pizza, mode:FULL, rate:0, size:5
2026-06-16 15:26:31, MOVE, v:1, k:fup@pizza, mode:EDIT
2026-06-16 15:26:31, MOVE, v:1, k:fup@pizza, mode:EDIT
2026-06-16 15:26:31, MOVE, v:1, k:fup@pizza, mode:EDIT
2026-06-16 15:26:33, MOVE, v:1, k:fup@pizza, mode:EDIT
2026-06-16 15:30:59, MOVE, v:1, k:fup@pizza, mode:EDIT
2026-06-16 15:35:55, MOVE, v:1, k:fup@pizza, mode:EDIT
2026-06-16 15:40:37, MOVE, v:1, k:fup@pizza, mode:EDIT
2026-06-16 15:45:36, MOVE, v:1, k:fup@pizza, mode:EDIT
2026-06-16 15:49:33, EXEC, v:1, k:fup@pizza, mode:FULL, rate:100, size:32
2026-06-16 15:49:49, MOVE, v:1, k:fup@pizza, mode:EDIT
2026-06-16 15:49:33, MOVE, v:1, k:fup@pizza, mode:EDIT
2026-06-16 15:53:24, MOVE, v:1, k:fup@pizza, mode:BACK
2026-06-16 15:53:28, SELF, v:1, k:fup@pizza, self:1, rate:100
2026-06-16 15:53:37, MOVE, v:1, k:fup@estudante, mode:DOWN
2026-06-16 15:53:37, MOVE, v:1, k:fup@estudante, mode:PICK
2026-06-16 15:54:23, MOVE, v:1, k:fup@estudante, mode:PICK
2026-06-16 15:54:24, EXEC, v:1, k:fup@estudante, mode:FULL, rate:0, size:5
2026-06-16 15:54:24, MOVE, v:1, k:fup@estudante, mode:EDIT
2026-06-16 15:57:58, MOVE, v:1, k:fup@estudante, mode:EDIT
2026-06-16 16:02:54, MOVE, v:1, k:fup@estudante, mode:EDIT
2026-06-16 16:09:15, MOVE, v:1, k:fup@estudante, mode:EDIT
2026-06-16 16:13:54, MOVE, v:1, k:fup@estudante, mode:EDIT
2026-06-16 16:18:58, MOVE, v:1, k:fup@estudante, mode:EDIT
2026-06-16 16:24:16, MOVE, v:1, k:fup@estudante, mode:EDIT
2026-06-16 16:25:07, MOVE, v:1, k:fup@estudante, mode:EDIT
2026-06-16 16:35:32, MOVE, v:1, k:fup@estudante, mode:BACK
2026-06-16 16:35:35, MOVE, v:1, k:fup@idosa, mode:DOWN
2026-06-16 16:35:35, MOVE, v:1, k:fup@idosa, mode:PICK
2026-06-16 16:35:36, EXEC, v:1, k:fup@idosa, mode:FULL, rate:0, size:5
2026-06-16 16:35:35, MOVE, v:1, k:fup@idosa, mode:EDIT
2026-06-16 16:35:35, MOVE, v:1, k:fup@idosa, mode:EDIT
2026-06-16 16:35:35, MOVE, v:1, k:fup@idosa, mode:EDIT
2026-06-16 16:35:36, MOVE, v:1, k:fup@idosa, mode:EDIT
2026-06-16 16:39:16, MOVE, v:1, k:fup@idosa, mode:EDIT
2026-06-16 16:43:54, MOVE, v:1, k:fup@idosa, mode:EDIT
2026-06-16 16:49:19, MOVE, v:1, k:fup@idosa, mode:EDIT
2026-06-16 16:53:25, MOVE, v:1, k:fup@idosa, mode:EDIT
2026-06-16 16:58:22, MOVE, v:1, k:fup@idosa, mode:EDIT
2026-06-16 17:04:10, MOVE, v:1, k:fup@idosa, mode:EDIT
2026-06-16 17:04:57, MOVE, v:1, k:fup@idosa, mode:EDIT
2026-06-16 17:12:36, MOVE, v:1, k:fup@idosa, mode:EDIT
2026-06-16 17:17:04, MOVE, v:1, k:fup@idosa, mode:BACK
2026-06-16 17:31:14, MOVE, v:1, k:fup@bingo, mode:DOWN
2026-06-16 17:31:14, MOVE, v:1, k:fup@bingo, mode:PICK
2026-06-16 17:31:15, EXEC, v:1, k:fup@bingo, mode:FULL, rate:0, size:5
2026-06-16 17:35:35, MOVE, v:1, k:fup@bingo, mode:BACK
2026-06-16 17:35:33, MOVE, v:1, k:fup@bingo, mode:EDIT
2026-06-16 17:31:14, MOVE, v:1, k:fup@bingo, mode:EDIT
2026-06-16 17:31:14, MOVE, v:1, k:fup@bingo, mode:EDIT
2026-06-16 17:31:15, MOVE, v:1, k:fup@bingo, mode:EDIT
2026-06-16 17:39:55, MOVE, v:1, k:fup@bingo, mode:PICK
2026-06-16 17:39:59, MOVE, v:1, k:fup@bingo, mode:BACK
